 
first value should be less than the 0.01 tolerance
if not, adjust d1 d2 d3 values in sidechain adjustment section
  1  0.0022  -0.1400  -0.1950  -0.7100   0.6537   1.9093   1.9676
  2  0.0020   0.1100  -0.1200   0.0050   2.0029   2.7751   2.9601
  3  0.0019   0.2750   0.0100   0.1200   2.6246   3.2888   3.4996
  4  0.0012   1.5800  -0.4050   2.3300   3.8499   4.1504   5.2507
  5  0.0020   0.1500  -0.0500   0.0350   2.0030   2.7741   2.9588
  6  0.0015   0.0150   0.1750   0.3750   0.6535   1.9071   1.9671
  7  0.0012   0.2750   0.2150   0.3300   1.9678   2.6501   2.8003
 
first value should be less than the 0.01 tolerance
if not, adjust d1 d2 d3 values in sidechain adjustment section
  1  0.0022  -0.1400  -0.1950  -0.7100   0.6537   1.9093   1.9676
  2  0.0020   0.1100  -0.1200   0.0050   2.0029   2.7751   2.9601
  3  0.0019   0.2750   0.0100   0.1200   2.6246   3.2888   3.4996
  4  0.0012   1.5800  -0.4050   2.3300   3.8499   4.1504   5.2507
  5  0.0020   0.1500  -0.0500   0.0350   2.0030   2.7741   2.9588
  6  0.0015   0.0150   0.1750   0.3750   0.6535   1.9071   1.9671
  7  0.0012   0.2750   0.2150   0.3300   1.9678   2.6501   2.8003
 Maximum Sigma   4.00000000000000     
 These should be less than   159.000000000000     
 X-direction   158.782297777224     
 Y-direction   158.755522246179     
 Z-direction   158.645957265924     
 Desired reduced temperature  0.500000000000000     
 New reduced temperature  0.499999999999999     
   6.00000000000000        6.34721935853075     
 Call config:              73957478   6.00000000000000             1251
   5.40000000000000        6.42009389360939     
 Call config:              70899864   5.40000000000000             1251
   4.80000000000000        6.50623703313921     
 Call config:              67768863   4.80000000000000             1251
   4.20000000000000        6.61023512036508     
 Call config:              64327246   4.20000000000000             1251
   3.60000000000000        6.73925271309261     
 Call config:              60801748   3.60000000000000             1251
   3.36000000000000        6.80029759444694     
 Call config:              59302638   3.36000000000000             1251
 Call config:             118628442   3.36000000000000             1251
   3.12000000000000        6.86825710633858     
 Call config:              57603176   3.12000000000000             1251
 Call config:             115278678   3.12000000000000             1251
   2.88000000000000        6.94454364826301     
 Call config:              56024985   2.88000000000000             1251
 Call config:             112251988   2.88000000000000             1251
 Call config:             168294489   2.88000000000000             1251
   2.64000000000000        7.03100960115899     
 Call config:              54348138   2.64000000000000             1251
 Call config:             108830108   2.64000000000000             1251
 Call config:             163123069   2.64000000000000             1251
 Call config:             217523186   2.64000000000000             1251
   2.23271545056501        7.20849922405670     
 Call config:              51561360   2.23271545056501             1251
 Call config:             103268709   2.23271545056501             1251
 Call config:             154848271   2.23271545056501             1251
 Call config:             206443669   2.23271545056501             1251
 Call config:             258025683   2.23271545056501             1251
 Call config:             309672018   2.23271545056501             1251
 Call config:             361439183   2.23271545056501             1251
 Call config:             413063780   2.23271545056501             1251
 Call config:             464813885   2.23271545056501             1251
 Call config:             516475156   2.23271545056501             1251
 Call config:             568175330   2.23271545056501             1251
 Call config:             619980564   2.23271545056501             1251
 Call config:             671804010   2.23271545056501             1251
 Call config:             723556902   2.23271545056501             1251
 Call config:             775266165   2.23271545056501             1251
 Call config:             827141579   2.23271545056501             1251
 Call config:             879113326   2.23271545056501             1251
 Call config:             931030535   2.23271545056501             1251
 Call config:             983152294   2.23271545056501             1251
   2.23271545056501        7.20849922405670     
 Call config:              51950305   2.23271545056501             1251
 Call config:             104000685   2.23271545056501             1251
 Call config:             155881470   2.23271545056501             1251
 Call config:             207813395   2.23271545056501             1251
 Call config:             259790500   2.23271545056501             1251
 Call config:             311632697   2.23271545056501             1251
 Call config:             363582086   2.23271545056501             1251
 Call config:             415462007   2.23271545056501             1251
 Call config:             467495532   2.23271545056501             1251
 Call config:             519413461   2.23271545056501             1251
 Call config:             571376377   2.23271545056501             1251
 Call config:             623227343   2.23271545056501             1251
 Call config:             675182367   2.23271545056501             1251
 Call config:             727168004   2.23271545056501             1251
 Call config:             779115004   2.23271545056501             1251
 Call config:             831166780   2.23271545056501             1251
 Call config:             883183702   2.23271545056501             1251
 Call config:             935195924   2.23271545056501             1251
 Call config:             987029785   2.23271545056501             1251
   2.23271545056501        7.20849922405670     
 Call config:              51978373   2.23271545056501             1251
 Call config:             104050944   2.23271545056501             1251
 Call config:             156050861   2.23271545056501             1251
 Call config:             208195127   2.23271545056501             1251
 Call config:             260236658   2.23271545056501             1251
 Call config:             312249170   2.23271545056501             1251
 Call config:             364273205   2.23271545056501             1251
 Call config:             416250371   2.23271545056501             1251
 Call config:             468368164   2.23271545056501             1251
 Call config:             520685614   2.23271545056501             1251
 Call config:             572942550   2.23271545056501             1251
 Call config:             625123541   2.23271545056501             1251
 Call config:             677217848   2.23271545056501             1251
 Call config:             729555609   2.23271545056501             1251
 Call config:             781710712   2.23271545056501             1251
 Call config:             833931629   2.23271545056501             1251
 Call config:             886074936   2.23271545056501             1251
 Call config:             938191796   2.23271545056501             1251
 Call config:             990368892   2.23271545056501             1251
   2.23271545056501        7.20849922405670     
 Call config:              52145636   2.23271545056501             1251
 Call config:             104300379   2.23271545056501             1251
 Call config:             156330966   2.23271545056501             1251
 Call config:             208430564   2.23271545056501             1251
 Call config:             260567697   2.23271545056501             1251
 Call config:             312613376   2.23271545056501             1251
 Call config:             364748406   2.23271545056501             1251
 Call config:             416854471   2.23271545056501             1251
 Call config:             468995666   2.23271545056501             1251
 Call config:             521145142   2.23271545056501             1251
 Call config:             573158455   2.23271545056501             1251
 Call config:             625270234   2.23271545056501             1251
 Call config:             677458178   2.23271545056501             1251
 Call config:             729577165   2.23271545056501             1251
 Call config:             781601079   2.23271545056501             1251
 Call config:             833813727   2.23271545056501             1251
 Call config:             885958236   2.23271545056501             1251
 Call config:             938125951   2.23271545056501             1251
 Call config:             990352215   2.23271545056501             1251
   2.23271545056501        7.20849922405670     
 Call config:              52128732   2.23271545056501             1251
 Call config:             104330384   2.23271545056501             1251
 Call config:             156583071   2.23271545056501             1251
 Call config:             208807113   2.23271545056501             1251
 Call config:             261060742   2.23271545056501             1251
 Call config:             313190839   2.23271545056501             1251
 Call config:             365487326   2.23271545056501             1251
 Call config:             417690232   2.23271545056501             1251
 Call config:             469868469   2.23271545056501             1251
 Call config:             521960849   2.23271545056501             1251
 Call config:             574132737   2.23271545056501             1251
 Call config:             626185003   2.23271545056501             1251
 Call config:             678234500   2.23271545056501             1251
 Call config:             730358995   2.23271545056501             1251
 Call config:             782446540   2.23271545056501             1251
 Call config:             834517200   2.23271545056501             1251
 Call config:             886595470   2.23271545056501             1251
 Call config:             938645856   2.23271545056501             1251
 Call config:             990671256   2.23271545056501             1251
   2.23271545056501        7.20849922405670     
 Call config:              51964966   2.23271545056501             1251
 Call config:             104009913   2.23271545056501             1251
 Call config:             155879858   2.23271545056501             1251
 Call config:             207836552   2.23271545056501             1251
 Call config:             259984506   2.23271545056501             1251
 Call config:             312057731   2.23271545056501             1251
 Call config:             364165371   2.23271545056501             1251
 Call config:             416177685   2.23271545056501             1251
 Call config:             468254530   2.23271545056501             1251
 Call config:             520236168   2.23271545056501             1251
 Call config:             572292697   2.23271545056501             1251
 Call config:             624295877   2.23271545056501             1251
 Call config:             676273277   2.23271545056501             1251
 Call config:             728271348   2.23271545056501             1251
 Call config:             780224551   2.23271545056501             1251
 Call config:             832180083   2.23271545056501             1251
 Call config:             884121971   2.23271545056501             1251
 Call config:             936100837   2.23271545056501             1251
 Call config:             988090792   2.23271545056501             1251
   2.23271545056501        7.20849922405670     
 Call config:              52053402   2.23271545056501             1251
 Call config:             103966561   2.23271545056501             1251
 Call config:             155828357   2.23271545056501             1251
 Call config:             207719216   2.23271545056501             1251
 Call config:             259680886   2.23271545056501             1251
 Call config:             311599567   2.23271545056501             1251
 Call config:             363554315   2.23271545056501             1251
 Call config:             415449980   2.23271545056501             1251
 Call config:             467442225   2.23271545056501             1251
 Call config:             519219431   2.23271545056501             1251
 Call config:             571212509   2.23271545056501             1251
 Call config:             623172095   2.23271545056501             1251
 Call config:             675158458   2.23271545056501             1251
 Call config:             727186240   2.23271545056501             1251
 Call config:             779056338   2.23271545056501             1251
 Call config:             830860345   2.23271545056501             1251
 Call config:             882671619   2.23271545056501             1251
 Call config:             934499978   2.23271545056501             1251
 Call config:             986426843   2.23271545056501             1251
   2.23271545056501        7.20849922405670     
 Call config:              51891420   2.23271545056501             1251
 Call config:             103884638   2.23271545056501             1251
 Call config:             155846198   2.23271545056501             1251
 Call config:             207806334   2.23271545056501             1251
 Call config:             259831548   2.23271545056501             1251
 Call config:             311676767   2.23271545056501             1251
 Call config:             363581547   2.23271545056501             1251
 Call config:             415497620   2.23271545056501             1251
 Call config:             467545181   2.23271545056501             1251
 Call config:             519592120   2.23271545056501             1251
 Call config:             571399686   2.23271545056501             1251
 Call config:             623268729   2.23271545056501             1251
 Call config:             675179178   2.23271545056501             1251
 Call config:             727092447   2.23271545056501             1251
 Call config:             778903950   2.23271545056501             1251
 Call config:             830786688   2.23271545056501             1251
 Call config:             882675893   2.23271545056501             1251
 Call config:             934564390   2.23271545056501             1251
 Call config:             986498537   2.23271545056501             1251
   2.23271545056501        7.20849922405670     
 Call config:              51869174   2.23271545056501             1251
 Call config:             103839937   2.23271545056501             1251
 Call config:             155834812   2.23271545056501             1251
 Call config:             207753335   2.23271545056501             1251
 Call config:             259871399   2.23271545056501             1251
 Call config:             311728290   2.23271545056501             1251
 Call config:             363723862   2.23271545056501             1251
 Call config:             415658310   2.23271545056501             1251
 Call config:             467710912   2.23271545056501             1251
 Call config:             519654001   2.23271545056501             1251
 Call config:             571603873   2.23271545056501             1251
 Call config:             623591218   2.23271545056501             1251
 Call config:             675641768   2.23271545056501             1251
 Call config:             727557583   2.23271545056501             1251
 Call config:             779609960   2.23271545056501             1251
 Call config:             831756753   2.23271545056501             1251
 Call config:             883752229   2.23271545056501             1251
 Call config:             935662949   2.23271545056501             1251
 Call config:             987658911   2.23271545056501             1251
   2.23271545056501        7.20849922405670     
 Call config:              51972456   2.23271545056501             1251
 Call config:             104003864   2.23271545056501             1251
 Call config:             156124343   2.23271545056501             1251
 Call config:             208080819   2.23271545056501             1251
 Call config:             260136470   2.23271545056501             1251
 Call config:             312066069   2.23271545056501             1251
 Call config:             364085911   2.23271545056501             1251
 Call config:             416085888   2.23271545056501             1251
 Call config:             468114847   2.23271545056501             1251
 Call config:             520069255   2.23271545056501             1251
 Call config:             572002486   2.23271545056501             1251
 Call config:             623882950   2.23271545056501             1251
 Call config:             675866473   2.23271545056501             1251
 Call config:             727900152   2.23271545056501             1251
 Call config:             779748781   2.23271545056501             1251
 Call config:             831561657   2.23271545056501             1251
 Call config:             883373846   2.23271545056501             1251
 Call config:             935226292   2.23271545056501             1251
 Call config:             987131909   2.23271545056501             1251
   2.23271545056501        7.20849922405670     
 Call config:              51907099   2.23271545056501             1251
 Call config:             103921022   2.23271545056501             1251
 Call config:             155670721   2.23271545056501             1251
 Call config:             207602074   2.23271545056501             1251
 Call config:             259458985   2.23271545056501             1251
 Call config:             311218742   2.23271545056501             1251
 Call config:             362950384   2.23271545056501             1251
 Call config:             414834437   2.23271545056501             1251
 Call config:             466756926   2.23271545056501             1251
 Call config:             518661529   2.23271545056501             1251
 Call config:             570532446   2.23271545056501             1251
 Call config:             622429119   2.23271545056501             1251
 Call config:             674416230   2.23271545056501             1251
 Call config:             726256402   2.23271545056501             1251
 Call config:             778229281   2.23271545056501             1251
 Call config:             830197454   2.23271545056501             1251
 Call config:             882050670   2.23271545056501             1251
 Call config:             933805518   2.23271545056501             1251
 Call config:             985626442   2.23271545056501             1251
