           1           0
           2           0
           3           0
           4           0
           5           0
           6           0
           7           0
           8           0
           9           0
          10           0
          11           0
          12           0
          13           0
          14           0
          15           0
          16           0
          17           0
          18           0
          19           0
          20           0
          21           0
          22           0
          23           0
          24           0
          25           0
          26           0
         673           0
         674           0
         675           0
         676           0
         677           0
         678           0
         679           0
         680           0
         681           0
         682           0
         683           0
         684           0
         685           0
         686           0
         687           0
         688           0
         689           0
         690           0
         691           0
         692           0
         693           0
         694           0
         695           0
         696           0
         697           0
         698           0
