                     0  0.000000000000000E+000
 -1.879056776817440E-002 -2.926226588138195E-002 -5.277169984364610E-002
 -6.302956147886622E-002 -8.672138537823729E-002 -9.683459292540711E-002
 -0.120645913680124      -9.545284749306484E-003 -2.567107091282850E-002
 -4.353899544113039E-002 -5.941949858578447E-002 -7.752641682477819E-002
 -9.317421556691656E-002 -0.111507548900250      -2.207987594427505E-002
 -3.867736022100461E-002 -5.616163695056436E-002 -7.233773757949517E-002
 -9.023710864867757E-002 -0.105998114937986      -0.124312580346791     
 -2.267599561688442E-002 -5.714886295339507E-002 -4.097916839913757E-002
 -9.081699230893105E-002 -0.124201190543054      -0.120856967345279     
 -0.131328665458487      -0.154838099420751      -0.165095961055971     
 -0.188787784955342      -0.198900992502512      -0.222712313257229     
 -0.111611684326411      -0.127737470489933      -0.145605395018235     
 -0.161485898162889      -0.179592816401883      -0.195240615144021     
 -0.213573948477355      -0.124146275521380      -0.140743759798109     
 -0.158228036527669      -0.174404137156600      -0.192303508225782     
 -0.208064514515090      -0.226378979923895      -0.124742395193989     
 -0.159215262530500      -0.143045567976242      -0.192883391886036     
 -0.226267590120159       0.432837495781871       0.422365797668664     
  0.398856363706400       0.388598502071179       0.364906678171808     
  0.354793470624639       0.330982149869922       0.442082778800739     
  0.425956992637217       0.408089068108915       0.392208564964261     
  0.374101646725268       0.358453847983129       0.340120514649796     
  0.429548187605771       0.412950703329041       0.395466426599482     
  0.379290325970551       0.361390954901368       0.345629948612060     
  0.327315483203255       0.428952067933161       0.394479200596651     
  0.410648895150908       0.360811071241115       0.327426873006991     
 -0.478244889284598      -0.488716587397806       0.487773978639930     
  0.477516117004710       0.453824293105339       0.443711085558169     
  0.419899764803452      -0.468999606265730      -0.485125392429252     
  0.497006683042446       0.481126179897792       0.463019261658798     
  0.447371462916660       0.429038129583326      -0.481534197460699     
 -0.498131681737428       0.484384041533012       0.468207940904081     
  0.450308569834899       0.434547563545591       0.416233098136786     
 -0.482130317133308       0.483396815530181       0.499566510084439     
  0.449728686174645       0.416344487940522      -0.277766215744319     
 -0.288237913857527      -0.311747347819791      -0.322005209455011     
 -0.345697033354382      -0.355810240901552      -0.379621561656269     
 -0.268520932725452      -0.284646718888974      -0.302514643417276     
 -0.318395146561930      -0.336502064800923      -0.352149863543062     
 -0.370483196876395      -0.281055523920420      -0.297653008197150     
 -0.315137284926709      -0.331313385555640      -0.349212756624823     
 -0.364973762914131      -0.383288228322936      -0.281651643593030     
 -0.316124510929540      -0.299954816375283      -0.349792640285076     
 -0.383176838519199       0.484213149866189       0.473741451752981     
  0.450232017790717       0.439974156155497       0.416282332256126     
  0.406169124708956       0.382357803954239       0.493458432885056     
  0.477332646721534       0.459464722193233       0.443584219048578     
  0.425477300809585       0.409829502067446       0.391496168734113     
  0.480923841690088       0.464326357413358       0.446842080683799     
  0.430665980054868       0.412766608985685       0.397005602696377     
  0.378691137287572       0.480327722017478       0.445854854680968     
  0.462024549235225       0.412186725325432       0.378802527091309     
  0.471147387973567       0.460675689860360       0.437166255898095     
  0.426908394262875       0.403216570363504       0.393103362816335     
  0.369292042061618       0.480392670992435       0.464266884828913     
  0.446398960300611       0.430518457155957       0.412411538916963     
  0.396763740174825       0.378430406841492       0.467858079797467     
  0.451260595520737       0.433776318791177       0.417600218162246     
  0.399700847093064       0.383939840803756       0.365625375394951     
  0.467261960124857       0.432789092788347       0.448958787342604     
  0.399120963432811       0.365736765198687       0.381322567063068     
  0.370850868949861       0.347341434987597       0.337083573352377     
  0.313391749453005       0.303278541905836       0.279467221151119     
  0.390567850081936       0.374442063918414       0.356574139390112     
  0.340693636245458       0.322586718006465       0.306938919264326     
  0.288605585930993       0.378033258886968       0.361435774610238     
  0.343951497880678       0.327775397251748       0.309876026182565     
  0.294115019893257       0.275800554484452       0.377437139214358     
  0.342964271877848       0.359133966432105       0.309296142522312     
  0.275911944288188       2.163844696322384E-002  1.116674885001629E-002
 -1.234268511224786E-002 -2.260054674746799E-002 -4.629237064683906E-002
 -5.640557819400888E-002 -8.021689894872586E-002  3.088372998209176E-002
  1.475794381856974E-002 -3.109980709732145E-003 -1.899048385438623E-002
 -3.709740209337995E-002 -5.274520083551831E-002 -7.107853416885165E-002
  1.834913878712320E-002  1.751654510393642E-003 -1.573262221916611E-002
 -3.190872284809693E-002 -4.980809391727932E-002 -6.556910020658749E-002
 -8.388356561539252E-002  1.775301911451384E-002 -1.671984822199681E-002
 -5.501536677393217E-004 -5.038797757753278E-002 -8.377217581165605E-002
 -0.250710507040243      -0.261182205153450      -0.284691639115715     
 -0.294949500750935      -0.318641324650306      -0.328754532197476     
 -0.352565852952193      -0.241465224021375      -0.257591010184897     
 -0.275458934713199      -0.291339437857853      -0.309446356096847     
 -0.325094154838985      -0.343427488172318      -0.253999815216344     
 -0.270597299493073      -0.288081576222633      -0.304257676851564     
 -0.322157047920746      -0.337918054210054      -0.356232519618859     
 -0.254595934888953      -0.289068802225464      -0.272899107671206     
 -0.322736931581000      -0.356121129815123       0.341763321935089     
  0.331291623821881       0.307782189859617       0.297524328224397     
  0.273832504325026       0.263719296777856       0.239907976023139     
  0.351008604953957       0.334882818790435       0.317014894262133     
  0.301134391117479       0.283027472878485       0.267379674136347     
  0.249046340803014       0.338474013758988       0.321876529482259     
  0.304392252752699       0.288216152123768       0.270316781054586     
  0.254555774765278       0.236241309356473       0.337877894086379     
  0.303405026749868       0.319574721304126       0.269736897394332     
  0.236352699160209       0.169345544730008       0.158873846616801     
  0.135364412654537       0.125106551019317       0.101414727119945     
  9.130151957277567E-002  6.749019881805869E-002  0.178590827748876     
  0.162465041585354       0.144597117057052       0.128716613912398     
  0.110609695673405       9.496189693126625E-002  7.662856359793291E-002
  0.166056236553908       0.149458752277178       0.131974475547618     
  0.115798374918688       9.789900384950523E-002  8.213799756019706E-002
  6.382353215139203E-002  0.165460116881298       0.130987249544788     
  0.147156944099045       9.731912018925178E-002  6.393492195512851E-002
  0.431217056899898       0.420745358786691       0.397235924824427     
  0.386978063189206       0.363286239289835       0.353173031742666     
  0.329361710987949       0.440462339918766       0.424336553755244     
  0.406468629226942       0.390588126082288       0.372481207843294     
  0.356833409101156       0.338500075767823       0.427927748723798     
  0.411330264447068       0.393845987717508       0.377669887088578     
  0.359770516019395       0.344009509730087       0.325695044321282     
  0.427331629051188       0.392858761714678       0.409028456268935     
  0.359190632359142       0.325806434125018       3.649960925639589E-002
  2.602791114318834E-002  2.518477180924188E-003 -7.739384454295940E-003
 -3.143120835366701E-002 -4.154441590083683E-002 -6.535573665555380E-002
  4.574489227526380E-002  2.961910611174179E-002  1.175118158343990E-002
 -4.129321561214188E-003 -2.223623980020790E-002 -3.788403854234627E-002
 -5.621737187567961E-002  3.321030108029525E-002  1.661281680356569E-002
 -8.714599259940631E-004 -1.704756055492488E-002 -3.494693162410727E-002
 -5.070793791341545E-002 -6.902240332222047E-002  3.261418140768588E-002
 -1.858685928824763E-003  1.431100862543272E-002 -3.552681528436074E-002
 -6.891101351848401E-002 -0.265292087227708      -0.275763785340915     
 -0.299273219303180      -0.309531080938400      -0.333222904837771     
 -0.343336112384941      -0.367147433139658      -0.256046804208840     
 -0.272172590372362      -0.290040514900664      -0.305921018045318     
 -0.324027936284312      -0.339675735026450      -0.358009068359783     
 -0.268581395403808      -0.285178879680538      -0.302663156410098     
 -0.318839257039029      -0.336738628108211      -0.352499634397519     
 -0.370814099806324      -0.269177515076418      -0.303650382412929     
 -0.287480687858671      -0.337318511768465      -0.370702710002588     
  0.257872269143291       0.247400571030083       0.223891137067819     
  0.213633275432599       0.189941451533228       0.179828243986058     
  0.156016923231341       0.267117552162159       0.250991765998637     
  0.233123841470335       0.217243338325681       0.199136420086687     
  0.183488621344549       0.165155288011215       0.254582960967190     
  0.237985476690461       0.220501199960901       0.204325099331970     
  0.186425728262788       0.170664721973480       0.152350256564674     
  0.253986841294581       0.219513973958070       0.235683668512328     
  0.185845844602534       0.152461646368411      -0.387138474912913     
 -0.397610173026120      -0.421119606988384      -0.431377468623605     
 -0.455069292522976      -0.465182500070145      -0.488993820824862     
 -0.377893191894045      -0.394018978057567      -0.411886902585869     
 -0.427767405730523      -0.445874323969517      -0.461522122711655     
 -0.479855456044988      -0.390427783089013      -0.407025267365743     
 -0.424509544095303      -0.440685644724234      -0.458585015793416     
 -0.474346022082724      -0.492660487491529      -0.391023902761623     
 -0.425496770098134      -0.409327075543876      -0.459164899453670     
 -0.492549097687793       0.323625106980850       0.313153408867642     
  0.289643974905378       0.279386113270158       0.255694289370787     
  0.245581081823617       0.221769761068900       0.332870389999717     
  0.316744603836195       0.298876679307894       0.282996176163239     
  0.264889257924246       0.249241459182107       0.230908125848774     
  0.320335798804749       0.303738314528019       0.286254037798460     
  0.270077937169529       0.252178566100346       0.236417559811038     
  0.218103094402233       0.319739679132140       0.285266811795629     
  0.301436506349886       0.251598682440093       0.218214484205970     
  0.136272038396575       0.125800340283367       0.102290906321103     
  9.203304468588276E-002  6.834122078651168E-002  5.822801323934187E-002
  3.441669248462489E-002  0.145517321415442       0.129391535251920     
  0.111523610723619       9.564310757896449E-002  7.753618933997078E-002
  6.188839059783242E-002  4.355505726449908E-002  0.132982730220474     
  0.116385245943744       9.890096921418461E-002  8.272486858525380E-002
  6.482549751607140E-002  4.906449122676323E-002  3.075002581795820E-002
  0.132386610547865       9.791374321135392E-002  0.114083437765611     
  6.424561385581797E-002  3.086141562169469E-002  0.490132045694688     
  0.479660347581481       0.456150913619217       0.445893051983997     
  0.422201228084626       0.412088020537456       0.388276699782739     
  0.499377328713556       0.483251542550034       0.465383618021732     
  0.449503114877078       0.431396196638085       0.415748397895946     
  0.397415064562613       0.486842737518588       0.470245253241858     
  0.452760976512298       0.436584875883368       0.418685504814185     
  0.402924498524877       0.384610033116072       0.486246617845978     
  0.451773750509468       0.467943445063725       0.418105621153932     
  0.384721422919808       0.274838860740344       0.264367162627137     
  0.240857728664873       0.230599867029653       0.206908043130282     
  0.196794835583112       0.172983514828395       0.284084143759212     
  0.267958357595690       0.250090433067388       0.234209929922734     
  0.216103011683741       0.200455212941602       0.182121879608269     
  0.271549552564244       0.254952068287514       0.237467791557954     
  0.221291690929024       0.203392319859841       0.187631313570533     
  0.169316848161728       0.270953432891634       0.236480565555124     
  0.252650260109381       0.202812436199588       0.169428237965465     
  0.234146984868751       0.223675286755544       0.200165852793280     
  0.189907991158060       0.166216167258688       0.156102959711519     
  0.132291638956802       0.243392267887619       0.227266481724097     
  0.209398557195795       0.193518054051141       0.175411135812148     
  0.159763337070009       0.141430003736676       0.230857676692651     
  0.214260192415921       0.196775915686361       0.180599815057431     
  0.162700443988248       0.146939437698940       0.128624972290135     
  0.230261557020041       0.195788689683531       0.211958384237788     
  0.162120560327995       0.128736362093871      -0.168175104618154     
 -0.178646802731362      -0.202156236693626      -0.212414098328846     
 -0.236105922228217      -0.246219129775387      -0.270030450530104     
 -0.158929821599286      -0.175055607762808      -0.192923532291110     
 -0.208804035435764      -0.226910953674758      -0.242558752416896     
 -0.260892085750230      -0.171464412794255      -0.188061897070984     
 -0.205546173800544      -0.221722274429475      -0.239621645498657     
 -0.255382651787965      -0.273697117196770      -0.172060532466864     
 -0.206533399803375      -0.190363705249117      -0.240201529158911     
 -0.273585727393034      -5.639912190679423E-002 -6.687082002000176E-002
 -9.038025398226592E-002 -0.100638115617486      -0.124329939516857     
 -0.134443147064027      -0.158254467818744      -4.715383888792631E-002
 -6.327962505144832E-002 -8.114754957975022E-002 -9.702805272440430E-002
 -0.115134970963398      -0.130782769705536      -0.149116103038870     
 -5.968843008289487E-002 -7.628591435962444E-002 -9.377019108918419E-002
 -0.109946291718115      -0.127845662787297      -0.143606669076606     
 -0.161921134485411      -6.028454975550424E-002 -9.475741709201488E-002
 -7.858772253775739E-002 -0.128425546447551      -0.161809744681674     
  0.394675403085852       0.384203704972644       0.360694271010380     
  0.350436409375160       0.326744585475789       0.316631377928619     
  0.292820057173902       0.403920686104720       0.387794899941198     
  0.369926975412896       0.354046472268242       0.335939554029248     
  0.320291755287110       0.301958421953776       0.391386094909751     
  0.374788610633021       0.357304333903462       0.341128233274531     
  0.323228862205349       0.307467855916040       0.289153390507235     
  0.390789975237142       0.356317107900631       0.372486802454889     
  0.322648978545095       0.289264780310972       0.175057586829671     
  0.164585888716463       0.141076454754199       0.130818593118979     
  0.107126769219608       9.701356167243783E-002  7.320224091772085E-002
  0.184302869848538       0.168177083685016       0.150309159156715     
  0.134428656012060       0.116321737773067       0.100673939030928     
  8.234060569759506E-002  0.171768278653570       0.155170794376840     
  0.137686517647281       0.121510417018350       0.103611045949167     
  8.785003965985921E-002  6.953557425105418E-002  0.171172158980961     
  0.136699291644450       0.152868986198707       0.103031162288914     
  6.964696405479066E-002  0.387337452912395       0.376865754799187     
  0.353356320836923       0.343098459201703       0.319406635302332     
  0.309293427755162       0.285482107000445       0.396582735931263     
  0.380456949767741       0.362589025239439       0.346708522094785     
  0.328601603855791       0.312953805113653       0.294620471780319     
  0.384048144736294       0.367450660459564       0.349966383730005     
  0.333790283101074       0.315890912031891       0.300129905742583     
  0.281815440333778       0.383452025063685       0.348979157727174     
  0.365148852281431       0.315311028371638       0.281926830137515     
 -0.152667763714058      -0.163139461827266      -0.186648895789530     
 -0.196906757424750      -0.220598581324121      -0.230711788871291     
 -0.254523109626008      -0.143422480695190      -0.159548266858712     
 -0.177416191387014      -0.193296694531668      -0.211403612770662     
 -0.227051411512800      -0.245384744846134      -0.155957071890159     
 -0.172554556166888      -0.190038832896448      -0.206214933525379     
 -0.224114304594561      -0.239875310883870      -0.258189776292675     
 -0.156553191562768      -0.191026058899279      -0.174856364345021     
 -0.224694188254815      -0.258078386488938      -0.317391144725211     
 -0.327862842838418      -0.351372276800682      -0.361630138435902     
 -0.385321962335273      -0.395435169882443      -0.419246490637160     
 -0.308145861706343      -0.324271647869865      -0.342139572398167     
 -0.358020075542821      -0.376126993781814      -0.391774792523953     
 -0.410108125857286      -0.320680452901311      -0.337277937178041     
 -0.354762213907601      -0.370938314536531      -0.388837685605714     
 -0.404598691895022      -0.422913157303827      -0.321276572573921     
 -0.355749439910431      -0.339579745356174      -0.389417569265967     
 -0.422801767500090      -0.159822800736792      -0.170294498849999     
 -0.193803932812263      -0.204061794447484      -0.227753618346855     
 -0.237866825894025      -0.261678146648742      -0.150577517717924     
 -0.166703303881446      -0.184571228409748      -0.200451731554402     
 -0.218558649793396      -0.234206448535534      -0.252539781868867     
 -0.163112108912892      -0.179709593189622      -0.197193869919182     
 -0.213369970548113      -0.231269341617295      -0.247030347906603     
 -0.265344813315408      -0.163708228585502      -0.198181095922012     
 -0.182011401367755      -0.231849225277548      -0.265233423511672     
  0.462310002400684       0.451838304287477       0.428328870325212     
  0.418071008689992       0.394379184790621       0.384265977243451     
  0.360454656488734       0.471555285419552       0.455429499256030     
  0.437561574727728       0.421681071583074       0.403574153344080     
  0.387926354601942       0.369593021268609       0.459020694224584     
  0.442423209947854       0.424938933218294       0.408762832589363     
  0.390863461520181       0.375102455230873       0.356787989822068     
  0.458424574551974       0.423951707215464       0.440121401769721     
  0.390283577859928       0.356899379625804      -0.153108737968425     
 -0.163580436081632      -0.187089870043896      -0.197347731679117     
 -0.221039555578488      -0.231152763125657      -0.254964083880374     
 -0.143863454949557      -0.159989241113079      -0.177857165641381     
 -0.193737668786035      -0.211844587025029      -0.227492385767167     
 -0.245825719100500      -0.156398046144525      -0.172995530421255     
 -0.190479807150815      -0.206655907779745      -0.224555278848928     
 -0.240316285138236      -0.258630750547041      -0.156994165817135     
 -0.191467033153645      -0.175297338599388      -0.225135162509181     
 -0.258519360743305      -0.214337659633876      -0.224809357747083     
 -0.248318791709347      -0.258576653344567      -0.282268477243939     
 -0.292381684791108      -0.316193005545825      -0.205092376615008     
 -0.221218162778530      -0.239086087306832      -0.254966590451486     
 -0.273073508690479      -0.288721307432618      -0.307054640765951     
 -0.217626967809976      -0.234224452086706      -0.251708728816266     
 -0.267884829445196      -0.285784200514379      -0.301545206803687     
 -0.319859672212492      -0.218223087482586      -0.252695954819096     
 -0.236526260264839      -0.286364084174632      -0.319748282408756     
  0.471604332547451       0.461132634434243       0.437623200471979     
  0.427365338836759       0.403673514937388       0.393560307390218     
  0.369748986635501       0.480849615566318       0.464723829402796     
  0.446855904874495       0.430975401729840       0.412868483490847     
  0.397220684748708       0.378887351415375       0.468315024371350     
  0.451717540094620       0.434233263365061       0.418057162736130     
  0.400157791666947       0.384396785377639       0.366082319968834     
  0.467718904698741       0.433246037362230       0.449415731916487     
  0.399577908006694       0.366193709772571       0.267221048133085     
  0.256749350019878       0.233239916057613       0.222982054422393     
  0.199290230523022       0.189177022975852       0.165365702221135     
  0.276466331151953       0.260340544988431       0.242472620460129     
  0.226592117315475       0.208485199076481       0.192837400334343     
  0.174504067001010       0.263931739956984       0.247334255680255     
  0.229849978950695       0.213673878321764       0.195774507252582     
  0.180013500963274       0.161699035554469       0.263335620284375     
  0.228862752947865       0.245032447502122       0.195194623592329     
  0.161810425358205      -9.374133781238496E-003 -1.984583189444604E-002
 -4.335526585671019E-002 -5.361312749193031E-002 -7.730495139130138E-002
 -8.741815893847120E-002 -0.111229479693188      -1.288507623705783E-004
 -1.625463692589259E-002 -3.412256145419448E-002 -5.000306459884857E-002
 -6.810998283784228E-002 -8.375778157998065E-002 -0.102091114913314     
 -1.266344195733915E-002 -2.926092623406870E-002 -4.674520296362845E-002
 -6.292130359255928E-002 -8.082067466174166E-002 -9.658168095104984E-002
 -0.114896146359855      -1.325956162994851E-002 -4.773242896645916E-002
 -3.156273441220167E-002 -8.140055832199514E-002 -0.114784756556118     
 -0.425771269214233      -0.436242967327441      -0.459752401289705     
 -0.470010262924925      -0.493702086824296       0.496184705628534     
  0.472373384873817      -0.416525986195365      -0.432651772358887     
 -0.450519696887189      -0.466400200031843      -0.484507118270837     
  0.499845082987025       0.481511749653691      -0.429060577390334     
 -0.445658061667063      -0.463142338396623      -0.479318439025554     
 -0.497217810094736       0.487021183615956       0.468706718207151     
 -0.429656697062943      -0.464129564399454      -0.447959869845196     
 -0.497797693754990       0.468818108010887      -0.172540774649261     
 -0.183012472762468      -0.206521906724733      -0.216779768359953     
 -0.240471592259324      -0.250584799806494      -0.274396120561211     
 -0.163295491630393      -0.179421277793915      -0.197289202322217     
 -0.213169705466871      -0.231276623705865      -0.246924422448003     
 -0.265257755781336      -0.175830082825362      -0.192427567102091     
 -0.209911843831651      -0.226087944460582      -0.243987315529764     
 -0.259748321819072      -0.278062787227877      -0.176426202497971     
 -0.210899069834482      -0.194729375280224      -0.244567199190018     
 -0.277951397424141      -8.534003984431639E-003 -1.900570209763919E-002
 -4.251513605990333E-002 -5.277299769512346E-002 -7.646482159449453E-002
 -8.657802914166433E-002 -0.110389349896381       7.112790344362792E-004
 -1.541450712908573E-002 -3.328243165738762E-002 -4.916293480204171E-002
 -6.726985304103543E-002 -8.291765178317380E-002 -0.101250985116507     
 -1.182331216053229E-002 -2.842079643726185E-002 -4.590507316682160E-002
 -6.208117379575241E-002 -7.998054486493480E-002 -9.574155115424299E-002
 -0.114056016563048      -1.241943183314165E-002 -4.689229916965230E-002
 -3.072260461539481E-002 -8.056042852518827E-002 -0.113944626759312     
 -0.102598770103696      -0.113070468216904      -0.136579902179168     
 -0.146837763814388      -0.170529587713759      -0.180642795260929     
 -0.204454116015646      -9.335348708482816E-002 -0.109479273248350     
 -0.127347197776652      -0.143227700921306      -0.161334619160300     
 -0.176982417902438      -0.195315751235772      -0.105888078279797     
 -0.122485562556526      -0.139969839286086      -0.156145939915017     
 -0.174045310984199      -0.189806317273507      -0.208120782682312     
 -0.106484197952406      -0.140957065288917      -0.124787370734659     
 -0.174625194644453      -0.208009392878576      -2.180291201071953E-002
 -3.227461012392708E-002 -5.578404408619122E-002 -6.604190572141135E-002
 -8.973372962078241E-002 -9.984693716795223E-002 -0.123658257922669     
 -1.255762899185161E-002 -2.868341515537362E-002 -4.655133968367552E-002
 -6.243184282832960E-002 -8.053876106732331E-002 -9.618655980946168E-002
 -0.114519893142795      -2.509222018682018E-002 -4.168970446354973E-002
 -5.917398119310949E-002 -7.535008182204031E-002 -9.324945289122269E-002
 -0.109010459180531      -0.127324924589336      -2.568833985942954E-002
 -6.016120719594019E-002 -4.399151264168270E-002 -9.382933655147617E-002
 -0.127213534785599      -7.055113048784029E-002 -8.102282860104783E-002
 -0.104532262563312      -0.114790124198532      -0.138481948097903     
 -0.148595155645073      -0.172406476399790      -6.130584746897236E-002
 -7.743163363249438E-002 -9.529955816079627E-002 -0.111180061305450     
 -0.129286979544444      -0.144934778286582      -0.163268111619916     
 -7.384043866394094E-002 -9.043792294067049E-002 -0.107922199670230     
 -0.124098300299161      -0.141997671368343      -0.157758677657652     
 -0.176073143066457      -7.443655833655030E-002 -0.108909425673061     
 -9.273973111880346E-002 -0.142577555028597      -0.175961753262720     
 -0.113515542407295      -0.123987240520502      -0.147496674482766     
 -0.157754536117986      -0.181446360017358      -0.191559567564527     
 -0.215370888319244      -0.104270259388427      -0.120396045551949     
 -0.138263970080251      -0.154144473224905      -0.172251391463898     
 -0.187899190206037      -0.206232523539370      -0.116804850583395     
 -0.133402334860125      -0.150886611589685      -0.167062712218615     
 -0.184962083287798      -0.200723089577106      -0.219037554985911     
 -0.117400970256005      -0.151873837592515      -0.135704143038258     
 -0.185541966948051      -0.218926165182175       5.370372489732864E-002
  4.323202678412109E-002  1.972259282185694E-002  9.464731186636809E-003
 -1.422709271273426E-002 -2.434030025990408E-002 -4.815162101462106E-002
  6.294900791619655E-002  4.682322175267454E-002  2.895529722437265E-002
  1.307479407971856E-002 -5.032124159275153E-003 -2.067992290141352E-002
 -3.901325623474686E-002  5.041441672122800E-002  3.381693244449844E-002
  1.633265571493869E-002  1.565550860078757E-004 -1.774281598317452E-002
 -3.350382227248269E-002 -5.181828768128773E-002  4.981829704861863E-002
  1.534542971210799E-002  3.151512426636548E-002 -1.832269964342799E-002
 -5.170689787755126E-002 -0.308438924284856      -0.318910622398064     
 -0.342420056360328      -0.352677917995548      -0.376369741894919     
 -0.386482949442089      -0.410294270196806      -0.299193641265988     
 -0.315319427429510      -0.333187351957812      -0.349067855102466     
 -0.367174773341460      -0.382822572083598      -0.401155905416932     
 -0.311728232460957      -0.328325716737687      -0.345809993467246     
 -0.361986094096177      -0.379885465165360      -0.395646471454668     
 -0.413960936863473      -0.312324352133566      -0.346797219470077     
 -0.330627524915820      -0.380465348825613      -0.413849547059736     
 -0.464804588567840      -0.475276286681048      -0.498785720643312     
  0.490956417721468       0.467264593822097       0.457151386274927     
  0.433340065520210      -0.455559305548972      -0.471685091712494     
 -0.489553016240796       0.494566480614550       0.476459562375556     
  0.460811763633418       0.442478430300084      -0.468093896743941     
 -0.484691381020670       0.497824342249770       0.481648241620839     
  0.463748870551657       0.447987864262348       0.429673398853543     
 -0.468690016416550       0.496837116246939      -0.486993189198803     
  0.463168986891403       0.429784788657280       0.334157089392728     
  0.323685391279520       0.300175957317256       0.289918095682036     
  0.266226271782665       0.256113064235495       0.232301743480778     
  0.343402372411596       0.327276586248074       0.309408661719772     
  0.293528158575118       0.275421240336124       0.259773441593986     
  0.241440108260652       0.330867781216627       0.314270296939898     
  0.296786020210338       0.280609919581407       0.262710548512225     
  0.246949542222916       0.228635076814111       0.330271661544018     
  0.295798794207507       0.311968488761765       0.262130664851971     
  0.228746466617848       0.362413459626219       0.351941761513011     
  0.328432327550747       0.318174465915527       0.294482642016156     
  0.284369434468986       0.260558113714269       0.371658742645087     
  0.355532956481565       0.337665031953263       0.321784528808609     
  0.303677610569615       0.288029811827477       0.269696478494144     
  0.359124151450118       0.342526667173389       0.325042390443829     
  0.308866289814898       0.290966918745716       0.275205912456408     
  0.256891447047603       0.358528031777509       0.324055164440998     
  0.340224858995256       0.290387035085462       0.257002836851339     
 -3.949673755070970E-002 -1.975459918592983E-002 -1.766654887146442E-002
  2.591312763755708E-003  4.207664965013568E-003  2.489948886438464E-002
  2.611961465054816E-002 -3.949673755070970E-002 -2.816969352555247E-002
 -1.759736648152731E-002 -5.874096041275739E-003  4.308293895831178E-003
  1.642150144300099E-002  2.622024358136577E-002 -3.045271239347699E-002
 -2.045271239347700E-002 -8.672838179640518E-003  1.962381946145644E-003
  1.310074672601986E-002  2.439005490212049E-002  3.488062093985634E-002
 -1.490260428279933E-002 -2.670979376196663E-002  1.231556600898331E-002
 -3.792718799250837E-003  1.925365255405016E-002  0.113329276029640     
  0.133071414394419       0.135159464708885       0.155417326344105     
  0.157033678545363       0.177725502444734       0.178945628230897     
  0.113329276029640       0.124656320054797       0.135228647098822     
  0.146951917539074       0.157134307476180       0.169247515023350     
  0.179046257161715       0.122373301186872       0.132373301186872     
  0.144153175400709       0.154788395526495       0.165926760306369     
  0.177216068482470       0.187706634520206       0.137923409297550     
  0.126116219818383       0.165141579589333       0.149033294781098     
  0.172079666134399       0.498758886707369      -0.481498974927851     
 -0.479410924613386      -0.459153062978166      -0.457536710776908     
 -0.436844886877537      -0.435624761091373       0.498758886707369     
 -0.489914069267474      -0.479341742223449      -0.467618471783197     
 -0.457436081846090      -0.445322874298921      -0.435524132160556     
 -0.492197088135398      -0.482197088135398      -0.470417213921562     
 -0.459781993795776      -0.448643629015902      -0.437354320839801     
 -0.426863754802065      -0.476646980024721      -0.488454169503888     
 -0.449428809732938      -0.465537094541172      -0.442490723187871     
 -0.359050656836038      -0.339308518471258      -0.337220468156793     
 -0.316962606521572      -0.315346254320315      -0.294654430420944     
 -0.293434304634780      -0.359050656836038      -0.347723612810881     
 -0.337151285766855      -0.325428015326604      -0.315245625389497     
 -0.303132417842327      -0.293333675703962      -0.350006631678805     
 -0.340006631678805      -0.328226757464969      -0.317591537339183     
 -0.306453172559308      -0.295163864383208      -0.284673298345472     
 -0.334456523568128      -0.346263713047295      -0.307238353276345     
 -0.323346638084579      -0.300300266731278      -5.300019404524956E-002
 -3.325805568046969E-002 -3.117000536600428E-002 -1.091214373078415E-002
 -9.295791529526289E-003  1.139603236984479E-002  1.261615815600830E-002
 -5.300019404524956E-002 -4.167315002009232E-002 -3.110082297606717E-002
 -1.937755253581560E-002 -9.195162598708678E-003  2.918044948461135E-003
  1.271678708682591E-002 -4.395616888801685E-002 -3.395616888801685E-002
 -2.217629467418037E-002 -1.154107454839421E-002 -4.027097685199975E-004
  1.088659840758063E-002  2.137716444531649E-002 -2.840606077733918E-002
 -4.021325025650648E-002 -1.187890485556544E-003 -1.729617529379069E-002
  5.750196059510307E-003  0.452957190784140       0.472699329148920     
  0.474787379463385       0.495045241098606       0.496661593299863     
 -0.482646582800766      -0.481426457014602       0.452957190784140     
  0.464284234809297       0.474856561853323       0.486579832293574     
  0.496762222230681      -0.491124570222149      -0.481325828083784     
  0.462001215941373       0.472001215941373       0.483781090155209     
  0.494416310280996      -0.494445324939130      -0.483156016763029     
 -0.472665450725294       0.477551324052051       0.465744134572883     
 -0.495230505656167       0.488661209535599      -0.488292419111100     
 -0.244435127938369      -0.224692989573589      -0.222604939259124     
 -0.202347077623903      -0.200730725422646      -0.180038901523274     
 -0.178818775737111      -0.244435127938369      -0.233108083913212     
 -0.222535756869186      -0.210812486428935      -0.200630096491828     
 -0.188516888944658      -0.178718146806293      -0.235391102781136     
 -0.225391102781136      -0.213611228567300      -0.202976008441513     
 -0.191837643661639      -0.180548335485539      -0.170057769447803     
 -0.219840994670458      -0.231648184149626      -0.192622824378676     
 -0.208731109186910      -0.185684737833609      -0.178365298629908     
 -0.158623160265129      -0.156535109950663      -0.136277248315443     
 -0.134660896114185      -0.113969072214814      -0.112748946428651     
 -0.178365298629908      -0.167038254604751      -0.156465927560726     
 -0.144742657120474      -0.134560267183368      -0.122447059636198     
 -0.112648317497833      -0.169321273472676      -0.159321273472676     
 -0.147541399258839      -0.136906179133053      -0.125767814353179     
 -0.114478506177078      -0.103987940139342      -0.153771165361998     
 -0.165578354841165      -0.126552995070215      -0.142661279878450     
 -0.119614908525149      -0.490526638222172      -0.470784499857392     
 -0.468696449542927      -0.448438587907707      -0.446822235706449     
 -0.426130411807078      -0.424910286020914      -0.490526638222172     
 -0.479199594197015      -0.468627267152990      -0.456903996712738     
 -0.446721606775631      -0.434608399228461      -0.424809657090097     
 -0.481482613064939      -0.471482613064939      -0.459702738851103     
 -0.449067518725317      -0.437929153945442      -0.426639845769342     
 -0.416149279731606      -0.465932504954262      -0.477739694433429     
 -0.438714334662479      -0.454822619470713      -0.431776248117412     
 -4.688533956505608E-002 -2.714320120027621E-002 -2.505515088581080E-002
 -4.797289250590674E-003 -3.180937049332814E-003  1.751088685003826E-002
  1.873101263620178E-002 -4.688533956505608E-002 -3.555829553989885E-002
 -2.498596849587369E-002 -1.326269805562212E-002 -3.080308118515201E-003
  9.032899428654612E-003  1.883164156701939E-002 -3.784131440782337E-002
 -2.784131440782337E-002 -1.606144019398690E-002 -5.426220068200734E-003
  5.712144711673479E-003  1.700145288777411E-002  2.749201892550996E-002
 -2.229120629714570E-002 -3.409839577631300E-002  4.926963994636933E-003
 -1.118132081359722E-002  1.186505053970378E-002  0.257313128680602     
  0.277055267045382       0.279143317359848       0.299401178995068     
  0.301017531196326       0.321709355095697       0.322929480881860     
  0.257313128680602       0.268640172705760       0.279212499749785     
  0.290935770190036       0.301118160127143       0.313231367674313     
  0.323030109812678       0.266357153837835       0.276357153837835     
  0.288137028051671       0.298772248177458       0.309910612957332     
  0.321199921133432       0.331690487171168       0.281907261948513     
  0.270100072469345       0.309125432240295       0.293017147432061     
  0.316063518785362       0.478789662233922       0.498531800598701     
 -0.499380149086833      -0.479122287451613      -0.477505935250355     
 -0.456814111350984      -0.455593985564821       0.478789662233922     
  0.490116706259079      -0.499310966696896      -0.487587696256644     
 -0.477405306319538      -0.465292098772368      -0.455493356634003     
  0.487833687391154       0.497833687391154      -0.490386438395009     
 -0.479751218269223      -0.468612853489349      -0.457323545313248     
 -0.446832979275512      -0.496616204498168       0.491576606022665     
 -0.469398034206385      -0.485506319014619      -0.462459947661318     
  0.278553614988250       0.298295753353029       0.300383803667495     
  0.320641665302715       0.322258017503973       0.342949841403344     
  0.344169967189507       0.278553614988250       0.289880659013407     
  0.300452986057432       0.312176256497683       0.322358646434790     
  0.334471853981960       0.344270596120325       0.287597640145482     
  0.297597640145482       0.309377514359319       0.320012734485105     
  0.331151099264979       0.342440407441080       0.352930973478816     
  0.303147748256160       0.291340558776993       0.330365918547943     
  0.314257633739708       0.337304005093009      -0.127361584514082     
 -0.107619446149302      -0.105531395834837      -8.527353419961679E-002
 -8.365718199835893E-002 -6.296535809898786E-002 -6.174523231282435E-002
 -0.127361584514082      -0.116034540488925      -0.105462213444900     
 -9.373894300464825E-002 -8.355655306754133E-002 -7.144334552037152E-002
 -6.164460338200674E-002 -0.118317559356849      -0.108317559356849     
 -9.653768514301302E-002 -8.590246501722686E-002 -7.476410023735262E-002
 -6.347479206125201E-002 -5.298422602351614E-002 -0.102767451246172     
 -0.114574640725339      -7.554928095438916E-002 -9.165756576262332E-002
 -6.861119440932231E-002  8.565743131826511E-002  0.105399569683045     
  0.107487619997510       0.127745481632731       0.129361833833988     
  0.150053657733359       0.151273783519523       8.565743131826511E-002
  9.698447534342236E-002  0.107556802387448       0.119280072827699     
  0.129462462764806       0.141575670311976       0.151374412450341     
  9.470145647549784E-002  0.104701456475498       0.116481330689334     
  0.127116550815120       0.138254915594995       0.149544223771095     
  0.160034789808831       0.110251564586176       9.844437510700822E-002
  0.137469734877958       0.121361450069724       0.144407821423025     
 -0.247696184202887      -0.227954045838107      -0.225865995523642     
 -0.205608133888422      -0.203991781687164      -0.183299957787793     
 -0.182079832001629      -0.247696184202887      -0.236369140177730     
 -0.225796813133705      -0.214073542693453      -0.203891152756346     
 -0.191777945209177      -0.181979203070812      -0.238652159045655     
 -0.228652159045654      -0.216872284831818      -0.206237064706032     
 -0.195098699926158      -0.183809391750057      -0.173318825712321     
 -0.223102050934977      -0.234909240414144      -0.195883880643194     
 -0.211992165451428      -0.188945794098127       0.438677478785942     
  0.458419617150722       0.460507667465187       0.480765529100407     
  0.482381881301665      -0.496926294798964      -0.495706169012800     
  0.438677478785942       0.450004522811099       0.460576849855125     
  0.472300120295376       0.482482510232483       0.494595717779653     
 -0.495605540081982       0.447721503943175       0.457721503943175     
  0.469501378157012       0.480136598282798       0.491274963062672     
 -0.497435728761227      -0.486945162723492       0.463271612053853     
  0.451464422574685       0.490489782345635       0.474381497537401     
  0.497427868890702      -0.292460927410266      -0.272718789045486     
 -0.270630738731021      -0.250372877095800      -0.248756524894543     
 -0.228064700995171      -0.226844575209008      -0.292460927410266     
 -0.281133883385109      -0.270561556341083      -0.258838285900832     
 -0.248655895963725      -0.236542688416555      -0.226743946278190     
 -0.283416902253033      -0.273416902253033      -0.261637028039197     
 -0.251001807913410      -0.239863443133536      -0.228574134957436     
 -0.218083568919700      -0.267866794142355      -0.279673983621523     
 -0.240648623850573      -0.256756908658807      -0.233710537305506     
 -1.243455894870435E-002  7.307579416075522E-003  9.395629730540932E-003
  2.965349136576106E-002  3.126984356701892E-002  5.196166746639000E-002
  5.318179325255351E-002 -1.243455894870435E-002 -1.107514923547119E-003
  9.464812120478040E-003  2.118808256072961E-002  3.137047249783653E-002
  4.348368004500634E-002  5.328242218337112E-002 -3.390533791471643E-003
  6.609466208528357E-003  1.838934042236483E-002  2.902456054815100E-002
  4.016292532802521E-002  5.145223350412585E-002  6.194279954186170E-002
  1.215957431920604E-002  3.523848400387379E-004  3.937774461098868E-002
  2.326945980275453E-002  4.631583115605553E-002  0.163977728301649     
  0.183719866666429       0.185807916980894       0.206065778616114     
  0.207682130817372       0.228373954716743       0.229594080502907     
  0.163977728301649       0.175304772326806       0.185877099370831     
  0.197600369811083       0.207782759748190       0.219895967295360     
  0.229694709433724       0.173021753458882       0.183021753458882     
  0.194801627672718       0.205436847798504       0.216575212578378     
  0.227864520754479       0.238355086792215       0.188571861569559     
  0.176764672090392       0.215790031861342       0.199681747053108     
  0.222728118406409      -0.253353202833493      -0.233611064468713     
 -0.231523014154248      -0.211265152519027      -0.209648800317770     
 -0.188956976418398      -0.187736850632235      -0.253353202833493     
 -0.242026158808336      -0.231453831764310      -0.219730561324059     
 -0.209548171386952      -0.197434963839782      -0.187636221701417     
 -0.244309177676260      -0.234309177676260      -0.222529303462424     
 -0.211894083336637      -0.200755718556763      -0.189466410380663     
 -0.178975844342927      -0.228759069565582      -0.240566259044750     
 -0.201540899273800      -0.217649184082034      -0.194602812728733     
 -0.490893400502807      -0.471151262138027      -0.469063211823562     
 -0.448805350188342      -0.447188997987084      -0.426497174087713     
 -0.425277048301549      -0.490893400502807      -0.479566356477650     
 -0.468994029433625      -0.457270758993373      -0.447088369056266     
 -0.434975161509096      -0.425176419370732      -0.481849375345574     
 -0.471849375345574      -0.460069501131738      -0.449434281005952     
 -0.438295916226077      -0.427006608049977      -0.416516042012241     
 -0.466299267234897      -0.478106456714064      -0.439081096943114     
 -0.455189381751348      -0.432143010398047       1.952497708589070E-002
  3.926711545067058E-002  4.135516576513600E-002  6.161302740035612E-002
  6.322937960161398E-002  8.392120350098506E-002  8.514132928714857E-002
  1.952497708589071E-002  3.085202111104795E-002  4.142434815507310E-002
  5.314761859532467E-002  6.333000853243159E-002  7.544321607960140E-002
  8.524195821796618E-002  2.856900224312342E-002  3.856900224312342E-002
  5.034887645695989E-002  6.098409658274606E-002  7.212246136262028E-002
  8.341176953872091E-002  9.390233557645676E-002  4.411911035380110E-002
  3.231192087463380E-002  7.133728064558374E-002  5.522899583734960E-002
  7.827536719065059E-002 -0.442013562862768      -0.422271424497988     
 -0.420183374183522      -0.399925512548302      -0.398309160347044     
 -0.377617336447673      -0.376397210661510      -0.442013562862768     
 -0.430686518837610      -0.420114191793585      -0.408390921353334     
 -0.398208531416227      -0.386095323869057      -0.376296581730692     
 -0.432969537705535      -0.422969537705535      -0.411189663491698     
 -0.400554443365912      -0.389416078586038      -0.378126770409937     
 -0.367636204372202      -0.417419429594857      -0.429226619074024     
 -0.390201259303075      -0.406309544111309      -0.383263172758008     
  0.376382357150494       0.396124495515274       0.398212545829740     
  0.418470407464960       0.420086759666218       0.440778583565589     
  0.441998709351752       0.376382357150494       0.387709401175652     
  0.398281728219677       0.410004998659928       0.420187388597035     
  0.432300596144205       0.442099338282570       0.385426382307727     
  0.395426382307727       0.407206256521564       0.417841476647350     
  0.428979841427224       0.440269149603325       0.450759715641061     
  0.400976490418405       0.389169300939238       0.428194660710188     
  0.412086375901953       0.435132747255254       0.204773855025309     
  0.224515993390089       0.226604043704554       0.246861905339774     
  0.248478257541032       0.269170081440403       0.270390207226567     
  0.204773855025309       0.216100899050466       0.226673226094491     
  0.238396496534743       0.248578886471850       0.260692094019020     
  0.270490836157385       0.213817880182542       0.223817880182542     
  0.235597754396378       0.246232974522164       0.257371339302039     
  0.268660647478139       0.279151213515875       0.229367988293219     
  0.217560798814052       0.256586158585002       0.240477873776768     
  0.263524245130069       0.166189534201375       0.185931672566155     
  0.188019722880620       0.208277584515840       0.209893936717098     
  0.230585760616469       0.231805886402633       0.166189534201375     
  0.177516578226532       0.188088905270557       0.199812175710809     
  0.209994565647916       0.222107773195086       0.231906515333450     
  0.175233559358608       0.185233559358608       0.197013433572444     
  0.207648653698230       0.218787018478105       0.230076326654205     
  0.240566892691941       0.190783667469285       0.178976477990118     
  0.218001837761068       0.201893552952834       0.224939924306135     
 -0.425622241304080      -0.405880102939300      -0.403792052624835     
 -0.383534190989615      -0.381917838788357      -0.361226014888986     
 -0.360005889102822      -0.425622241304080      -0.414295197278923     
 -0.403722870234898      -0.391999599794646      -0.381817209857539     
 -0.369704002310369      -0.359905260172005      -0.416578216146847     
 -0.406578216146847      -0.394798341933011      -0.384163121807225     
 -0.373024757027351      -0.361735448851250      -0.351244882813514     
 -0.401028108036170      -0.412835297515337      -0.373809937744387     
 -0.389918222552621      -0.366871851199320       0.212052969360749     
  0.231795107725529       0.233883158039994       0.254141019675214     
  0.255757371876472       0.276449195775843       0.277669321562007     
  0.212052969360749       0.223380013385906       0.233952340429931     
  0.245675610870183       0.255858000807290       0.267971208354459     
  0.277769950492824       0.221096994517981       0.231096994517981     
  0.242876868731818       0.253512088857604       0.264650453637478     
  0.275939761813579       0.286430327851315       0.236647102628659     
  0.224839913149492       0.263865272920442       0.247756988112208     
  0.270803359465509       0.193585634321713       0.213327772686493     
  0.215415823000958       0.235673684636178       0.237290036837436     
  0.257981860736807       0.259201986522971       0.193585634321713     
  0.204912678346870       0.215485005390895       0.227208275831147     
  0.237390665768254       0.249503873315423       0.259302615453788     
  0.202629659478945       0.212629659478945       0.224409533692782     
  0.235044753818568       0.246183118598442       0.257472426774543     
  0.267962992812279       0.218179767589623       0.206372578110456     
  0.245397937881406       0.229289653073172       0.252336024426473     
  0.166125883425645       0.185868021790424       0.187956072104890     
  0.208213933740110       0.209830285941368       0.230522109840739     
  0.231742235626902       0.166125883425645       0.177452927450802     
  0.188025254494827       0.199748524935079       0.209930914872185     
  0.222044122419355       0.231842864557720       0.175169908582877     
  0.185169908582877       0.196949782796714       0.207585002922500     
  0.218723367702374       0.230012675878475       0.240503241916211     
  0.190720016693555       0.178912827214388       0.217938186985338     
  0.201829902177103       0.224876273530404       0.288109526172331     
  0.307851664537111       0.309939714851577       0.330197576486797     
  0.331813928688055       0.352505752587426       0.353725878373589     
  0.288109526172331       0.299436570197489       0.310008897241514     
  0.321732167681765       0.331914557618872       0.344027765166042     
  0.353826507304407       0.297153551329564       0.307153551329564     
  0.318933425543401       0.329568645669187       0.340707010449061     
  0.351996318625162       0.362486884662897       0.312703659440242     
  0.300896469961074       0.339921829732024       0.323813544923790     
  0.346859916277091      -0.293168186812274      -0.273426048447494     
 -0.271337998133029      -0.251080136497809      -0.249463784296551     
 -0.228771960397180      -0.227551834611016      -0.293168186812274     
 -0.281841142787117      -0.271268815743092      -0.259545545302840     
 -0.249363155365733      -0.237249947818563      -0.227451205680199     
 -0.284124161655041      -0.274124161655041      -0.262344287441205     
 -0.251709067315419      -0.240570702535545      -0.229281394359444     
 -0.218790828321708      -0.268574053544364      -0.280381243023531     
 -0.241355883252581      -0.257464168060815      -0.234417796707514     
 -0.187263602012425      -0.167521463647646      -0.165433413333180     
 -0.145175551697960      -0.143559199496702      -0.122867375597331     
 -0.121647249811168      -0.187263602012425      -0.175936557987268     
 -0.165364230943243      -0.153640960502992      -0.143458570565885     
 -0.131345363018715      -0.121546620880350      -0.178219576855193     
 -0.168219576855193      -0.156439702641356      -0.145804482515570     
 -0.134666117735696      -0.123376809559595      -0.112886243521859     
 -0.162669468744515      -0.174476658223682      -0.135451298452732     
 -0.151559583260967      -0.128513211907666       2.721443214789705E-002
  4.695657051267692E-002  4.904462082714234E-002  6.930248246236247E-002
  7.091883466362033E-002  9.161065856299140E-002  9.283078434915491E-002
  2.721443214789705E-002  3.854147617305428E-002  4.911380321707944E-002
  6.083707365733101E-002  7.101946359443793E-002  8.313267114160774E-002
  9.293141327997252E-002  3.625845730512976E-002  4.625845730512976E-002
  5.803833151896624E-002  6.867355164475239E-002  7.981191642462661E-002
  9.110122460072724E-002  0.101591790638463       5.180856541580743E-002
  4.000137593664013E-002  7.902673570759007E-002  6.291845089935592E-002
  8.596482225265692E-002 -0.498811754164664      -0.479069615799884     
 -0.476981565485419      -0.456723703850199      -0.455107351648941     
 -0.434415527749570      -0.433195401963406      -0.498811754164664     
 -0.487484710139507      -0.476912383095482      -0.465189112655230     
 -0.455006722718123      -0.442893515170953      -0.433094773032588     
 -0.489767729007431      -0.479767729007431      -0.467987854793595     
 -0.457352634667808      -0.446214269887934      -0.434924961711834     
 -0.424434395674098      -0.474217620896753      -0.486024810375921     
 -0.446999450604971      -0.463107735413205      -0.440061364059904     
 -0.404936240243230      -0.385194101878450      -0.383106051563985     
 -0.362848189928765      -0.361231837727507      -0.340540013828136     
 -0.339319888041972      -0.404936240243230      -0.393609196218073     
 -0.383036869174048      -0.371313598733796      -0.361131208796689     
 -0.349018001249520      -0.339219259111155      -0.395892215085997     
 -0.385892215085997      -0.374112340872161      -0.363477120746375     
 -0.352338755966501      -0.341049447790400      -0.330558881752664     
 -0.380342106975320      -0.392149296454487      -0.353123936683537     
 -0.369232221491771      -0.346185850138470       0.284266905525824     
  0.304009043890603       0.306097094205069       0.326354955840289     
  0.327971308041547       0.348663131940918       0.349883257727081     
  0.284266905525824       0.295593949550981       0.306166276595006     
  0.317889547035258       0.328071936972364       0.340185144519534     
  0.349983886657899       0.293310930683056       0.303310930683056     
  0.315090804896893       0.325726025022679       0.336864389802553     
  0.348153697978654       0.358644264016390       0.308861038793734     
  0.297053849314567       0.336079209085517       0.319970924277282     
  0.343017295630583       5.509366749557371E-002  7.483580586035359E-002
  7.692385617481901E-002  9.718171781003912E-002  9.879807001129699E-002
  0.119489893910668       0.120710019696832       5.509366749557373E-002
  6.642071152073097E-002  7.699303856475612E-002  8.871630900500770E-002
  9.889869894211460E-002  0.111011906489284       0.120810648627649     
  6.413769265280644E-002  7.413769265280644E-002  8.591756686664292E-002
  9.655278699242908E-002  0.107691151772303       0.118980459948404     
  0.129471025986140       7.968780076348413E-002  6.788061128431683E-002
  0.106905971055267       9.079768624703262E-002  0.113844057600334     
  0.454768324482613       0.474510462847392       0.476598513161858     
  0.496856374797078       0.498472726998336      -0.480835449102293     
 -0.479615323316130       0.454768324482613       0.466095368507770     
  0.476667695551795       0.488390965992046       0.498573355929153     
 -0.489313436523677      -0.479514694385312       0.463812349639845     
  0.473812349639845       0.485592223853682       0.496227443979468     
 -0.492634191240658      -0.481344883064557      -0.470854317026821     
  0.479362457750523       0.467555268271356      -0.493419371957694     
  0.490472343234072      -0.486481285412627      -0.448365669440648     
 -0.428623531075869      -0.426535480761403      -0.406277619126183     
 -0.404661266924925      -0.383969443025554      -0.382749317239391     
 -0.448365669440648      -0.437038625415491      -0.426466298371466     
 -0.414743027931214      -0.404560637994108      -0.392447430446938     
 -0.382648688308573      -0.439321644283416      -0.429321644283416     
 -0.417541770069579      -0.406906549943793      -0.395768185163919     
 -0.384478876987818      -0.373988310950082      -0.423771536172738     
 -0.435578725651905      -0.396553365880955      -0.412661650689189     
 -0.389615279335888       0.426380221464848       0.446122359829628     
  0.448210410144094       0.468468271779314       0.470084623980572     
  0.490776447879943       0.491996573666106       0.426380221464848     
  0.437707265490006       0.448279592534031       0.460002862974282     
  0.470185252911389       0.482298460458559       0.492097202596924     
  0.435424246622081       0.445424246622081       0.457204120835918     
  0.467839340961704       0.478977705741578       0.490267013917679     
 -0.499242420044585       0.450974354732759       0.439167165253592     
  0.478192525024542       0.462084240216308       0.485130611569608     
  0.491252457486117      -0.489005404149103      -0.486917353834637     
 -0.466659492199417      -0.465043139998159      -0.444351316098788     
 -0.443131190312625       0.491252457486117      -0.497420498488725     
 -0.486848171444700      -0.475124901004449      -0.464942511067342     
 -0.452829303520172      -0.443030561381807      -0.499703517356650     
 -0.489703517356650      -0.477923643142813      -0.467288423017027     
 -0.456150058237153      -0.444860750061052      -0.434370184023316     
 -0.484153409245972      -0.495960598725139      -0.456935238954189     
 -0.473043523762423      -0.449997152409123       0.332504518950593     
  0.352246657315373       0.354334707629838       0.374592569265058     
  0.376208921466316       0.396900745365687       0.398120871151851     
  0.332504518950593       0.343831562975750       0.354403890019775     
  0.366127160460027       0.376309550397134       0.388422757944304     
  0.398221500082668       0.341548544107826       0.351548544107826     
  0.363328418321662       0.373963638447448       0.385102003227323     
  0.396391311403423       0.406881877441159       0.357098652218503     
  0.345291462739336       0.384316822510286       0.368208537702052     
  0.391254909055353       0.344685845703206       0.364427984067986     
  0.366516034382451       0.386773896017671       0.388390248218929     
  0.409082072118300       0.410302197904464       0.344685845703206     
  0.356012889728363       0.366585216772388       0.378308487212640     
  0.388490877149747       0.400604084696917       0.410402826835281     
  0.353729870860439       0.363729870860439       0.375509745074275     
  0.386144965200061       0.397283329979935       0.408572638156036     
  0.419063204193772       0.369279978971116       0.357472789491949     
  0.396498149262899       0.380389864454665       0.403436235807966     
  0.417705241785247       0.437447380150027       0.439535430464493     
  0.459793292099713       0.461409644300971       0.482101468200342     
  0.483321593986505       0.417705241785248       0.429032285810405     
  0.439604612854430       0.451327883294682       0.461510273231788     
  0.473623480778958       0.483422222917323       0.426749266942480     
  0.436749266942480       0.448529141156317       0.459164361282103     
  0.470302726061977       0.481592034238078       0.492082600275814     
  0.442299375053158       0.430492185573991       0.469517545344941     
  0.453409260536707       0.476455631890008       9.686207636113375E-002
  0.116604214725914       0.118692265040379       0.138950126675599     
  0.140566478876857       0.161258302776228       0.162478428562392     
  9.686207636113375E-002  0.108189120386291       0.118761447430316     
  0.130484717870568       0.140667107807675       0.152780315354844     
  0.162579057493209       0.105906101518366       0.115906101518366     
  0.127685975732203       0.138321195857989       0.149459560637863     
  0.160748868813964       0.171239434851700       0.121456209629044     
  0.109649020149877       0.148674379920827       0.132566095112593     
  0.155612466465894       6.010961721656361E-002  7.985175558134348E-002
  8.193980589580889E-002  0.102197667531029       0.103814019732287     
  0.124505843631658       0.125725969417821       6.010961721656360E-002
  7.143666124172084E-002  8.200898828574600E-002  9.373225872599757E-002
  0.103914648663104       0.116027856210274       0.125826598348639     
  6.915364237379631E-002  7.915364237379632E-002  9.093351658763280E-002
  0.101568736713419       0.112707101493293       0.123996409669394     
  0.134486975707130       8.470375048447400E-002  7.289656100530670E-002
  0.111921920776257       9.581363596802249E-002  0.118860007321323     
  0.452981689690138       0.444497412960578       0.448277287174415     
  0.440811878369383       0.443541438117811       0.437145211702717     
  0.438793010444855       0.452981689690138       0.445855903526616     
  0.448742695979446       0.441698670822214       0.444484834344226     
  0.437566595350515       0.440201815476302       0.452981689690138     
  0.442648356356805       0.448799299753031       0.438440809186993     
  0.444585463275044       0.434264708558062       0.440333890948000     
  0.434918527840603       0.461374921027903       0.438466250200896     
  0.452368148415381       0.448456343883129      -0.482516773269752     
 -0.491001049999312      -0.487221175785476      -0.494686584590507     
 -0.491957024842079      -0.498353251257174      -0.496705452515035     
 -0.482516773269752      -0.489642559433274      -0.486755766980444     
 -0.493799792137677      -0.491013628615664      -0.497931867609375     
 -0.495296647483589      -0.482516773269752      -0.492850106603086     
 -0.486699163206859      -0.497057653772897      -0.490912999684847     
  0.498766245598172      -0.495164572011891       0.499420064880713     
 -0.474123541931988      -0.497032212758994      -0.483130314544509     
 -0.487042119076762      -0.409779748604530      -0.418264025334090     
 -0.414484151120254      -0.421949559925285      -0.419220000176858     
 -0.425616226591952      -0.423968427849813      -0.409779748604530     
 -0.416905534768052      -0.414018742315222      -0.421062767472455     
 -0.418276603950442      -0.425194842944153      -0.422559622818367     
 -0.409779748604530      -0.420113081937864      -0.413962138541637     
 -0.424320629107675      -0.418175975019625      -0.428496729736606     
 -0.422427547346669      -0.427842910454065      -0.401386517266766     
 -0.424295188093772      -0.410393289879287      -0.414305094411540     
  0.265743867617913       0.257259590888353       0.261039465102189     
  0.253574056297158       0.256303616045585       0.249907389630491     
  0.251555188372629       0.265743867617913       0.258618081454390     
  0.261504873907221       0.254460848749988       0.257247012272001     
  0.250328773278290       0.252963993404076       0.265743867617913     
  0.255410534284579       0.261561477680806       0.251202987114768     
  0.257347641202818       0.247026886485837       0.253096068875774     
  0.247680705768378       0.274137098955677       0.251228428128671     
  0.265130326343156       0.261218521810903      -0.372366758236832     
 -0.380851034966392      -0.377071160752556      -0.384536569557587     
 -0.381807009809159      -0.388203236224254      -0.386555437482115     
 -0.372366758236832      -0.379492544400354      -0.376605751947524     
 -0.383649777104757      -0.380863613582744      -0.387781852576455     
 -0.385146632450669      -0.372366758236832      -0.382700091570166     
 -0.376549148173939      -0.386907638739977      -0.380762984651927     
 -0.391083739368908      -0.385014556978971      -0.390429920086367     
 -0.363973526899067      -0.386882197726074      -0.372980299511589     
 -0.376892104043842      -0.303443658772597      -0.311927935502157     
 -0.308148061288320      -0.315613470093352      -0.312883910344924     
 -0.319280136760018      -0.317632338017880      -0.303443658772597     
 -0.310569444936119      -0.307682652483289      -0.314726677640521     
 -0.311940514118509      -0.318858753112220      -0.316223532986434     
 -0.303443658772597      -0.313776992105930      -0.307626048709704     
 -0.317984539275742      -0.311839885187691      -0.322160639904672     
 -0.316091457514735      -0.321506820622132      -0.295050427434832     
 -0.317959098261839      -0.304057200047354      -0.307969004579606     
 -0.128060713004349      -0.136544989733909      -0.132765115520073     
 -0.140230524325104      -0.137500964576676      -0.143897190991771     
 -0.142249392249632      -0.128060713004349      -0.135186499167871     
 -0.132299706715041      -0.139343731872274      -0.136557568350261     
 -0.143475807343972      -0.140840587218186      -0.128060713004349     
 -0.138394046337683      -0.132243102941456      -0.142601593507494     
 -0.136456939419444      -0.146777694136425      -0.140708511746488     
 -0.146123874853884      -0.119667481666584      -0.142576152493591     
 -0.128674254279106      -0.132586058811359       0.128669835686996     
  0.120185558957436       0.123965433171272       0.116500024366241     
  0.119229584114669       0.112833357699574       0.114481156441713     
  0.128669835686996       0.121544049523474       0.124430841976304     
  0.117386816819071       0.120172980341084       0.113254741347373     
  0.115889961473159       0.128669835686996       0.118336502353662     
  0.124487445749889       0.114128955183851       0.120273609271901     
  0.109952854554920       0.116022036944857       0.110606673837461     
  0.137063067024761       0.114154396197754       0.128056294412239     
  0.124144489879986      -0.211353622475338      -0.219837899204898     
 -0.216058024991061      -0.223523433796093      -0.220793874047665     
 -0.227190100462759      -0.225542301720621      -0.211353622475338     
 -0.218479408638860      -0.215592616186030      -0.222636641343262     
 -0.219850477821250      -0.226768716814961      -0.224133496689175     
 -0.211353622475338      -0.221686955808671      -0.215536012412445     
 -0.225894502978483      -0.219749848890432      -0.230070603607413     
 -0.224001421217476      -0.229416784324873      -0.202960391137573     
 -0.225869061964580      -0.211967163750095      -0.215878968282347     
 -0.202226144821488      -0.210710421551048      -0.206930547337212     
 -0.214395956142243      -0.211666396393815      -0.218062622808910     
 -0.216414824066771      -0.202226144821488      -0.209351930985010     
 -0.206465138532180      -0.213509163689413      -0.210723000167400     
 -0.217641239161111      -0.215006019035325      -0.202226144821488     
 -0.212559478154822      -0.206408534758595      -0.216767025324633     
 -0.210622371236583      -0.220943125953564      -0.214873943563627     
 -0.220289306671023      -0.193832913483723      -0.216741584310730     
 -0.202839686096245      -0.206751490628498      -0.237965458649194     
 -0.246449735378754      -0.242669861164918      -0.250135269969949     
 -0.247405710221522      -0.253801936636616      -0.252154137894477     
 -0.237965458649194      -0.245091244812717      -0.242204452359886     
 -0.249248477517119      -0.246462313995106      -0.253380552988817     
 -0.250745332863031      -0.237965458649194      -0.248298791982528     
 -0.242147848586301      -0.252506339152339      -0.246361685064289     
 -0.256682439781270      -0.250613257391333      -0.256028620498729     
 -0.229572227311430      -0.252480898138436      -0.238578999923951     
 -0.242490804456204      -0.344214306373249      -0.352698583102809     
 -0.348918708888972      -0.356384117694004      -0.353654557945576     
 -0.360050784360670      -0.358402985618532      -0.344214306373249     
 -0.351340092536771      -0.348453300083941      -0.355497325241173     
 -0.352711161719161      -0.359629400712872      -0.356994180587085     
 -0.344214306373249      -0.354547639706582      -0.348396696310356     
 -0.358755186876394      -0.352610532788343      -0.362931287505324     
 -0.356862105115387      -0.362277468222784      -0.335821075035484     
 -0.358729745862491      -0.344827847648006      -0.348739652180258     
  6.154909779389813E-002  5.306482106433838E-002  5.684469527817486E-002
  4.937928647314341E-002  5.210884622157108E-002  4.571261980647674E-002
  4.736041854861511E-002  6.154909779389813E-002  5.442331163037613E-002
  5.731010408320631E-002  5.026607892597361E-002  5.305224244798619E-002
  4.613400345427550E-002  4.876922358006167E-002  6.154909779389815E-002
  5.121576446056481E-002  5.736670785679122E-002  4.700821729075348E-002
  5.315287137880380E-002  4.283211666182267E-002  4.890129905175977E-002
  4.348593594436342E-002  6.994232913166305E-002  4.703365830465620E-002
  6.093555651914152E-002  5.702375198688876E-002  0.128953920737353     
  0.120469644007793       0.124249518221630       0.116784109416598     
  0.119513669165026       0.113117442749932       0.114765241492070     
  0.128953920737353       0.121828134573831       0.124714927026661     
  0.117670901869429       0.120457065391441       0.113538826397730     
  0.116174046523517       0.128953920737353       0.118620587404020     
  0.124771530800246       0.114413040234208       0.120557694322259     
  0.110236939605278       0.116306121995215       0.110890758887818     
  0.137347152075118       0.114438481248111       0.128340379462597     
  0.124428574930344      -0.230132836024339      -0.238617112753899     
 -0.234837238540062      -0.242302647345093      -0.239573087596666     
 -0.245969314011760      -0.244321515269622      -0.230132836024339     
 -0.237258622187861      -0.234371829735031      -0.241415854892263     
 -0.238629691370251      -0.245547930363961      -0.242912710238175     
 -0.230132836024339      -0.240466169357672      -0.234315225961446     
 -0.244673716527483      -0.238529062439433      -0.248849817156414     
 -0.242780634766477      -0.248195997873874      -0.221739604686574     
 -0.244648275513581      -0.230746377299095      -0.234658181831348     
  0.457492342431793       0.449008065702233       0.452787939916070     
  0.445322531111038       0.448052090859466       0.441655864444372     
  0.443303663186510       0.457492342431793       0.450366556268271     
  0.453253348721101       0.446209323563869       0.448995487085881     
  0.442077248092171       0.444712468217957       0.457492342431793     
  0.447159009098460       0.453309952494686       0.442951461928648     
  0.449096116016699       0.438775361299718       0.444844543689655     
  0.439429180582258       0.465885573769558       0.442976902942551     
  0.456878801157036       0.452966996624784       0.400578476209463     
  0.392094199479903       0.395874073693740       0.388408664888708     
  0.391138224637136       0.384741998222042       0.386389796964180     
  0.400578476209463       0.393452690045941       0.396339482498771     
  0.389295457341538       0.392081620863551       0.385163381869840     
  0.387798601995626       0.400578476209463       0.390245142876130     
  0.396396086272356       0.386037595706318       0.392182249794369     
  0.381861495077387       0.387930677467325       0.382515314359928     
  0.408971707547228       0.386063036720221       0.399964934934706     
  0.396053130402454      -0.381427020943457      -0.389911297673017     
 -0.386131423459180      -0.393596832264212      -0.390867272515784     
 -0.397263498930878      -0.395615700188740      -0.381427020943457     
 -0.388552807106979      -0.385666014654149      -0.392710039811381     
 -0.389923876289369      -0.396842115283079      -0.394206895157293     
 -0.381427020943457      -0.391760354276790      -0.385609410880564     
 -0.395967901446601      -0.389823247358551      -0.400144002075532     
 -0.394074819685595      -0.399490182792992      -0.373033789605692     
 -0.395942460432699      -0.382040562218213      -0.385952366750466     
 -0.228595012905353      -0.237079289634913      -0.233299415421077     
 -0.240764824226108      -0.238035264477680      -0.244431490892775     
 -0.242783692150636      -0.228595012905353      -0.235720799068875     
 -0.232834006616045      -0.239878031773278      -0.237091868251265     
 -0.244010107244976      -0.241374887119190      -0.228595012905353     
 -0.238928346238687      -0.232777402842460      -0.243135893408498     
 -0.236991239320448      -0.247311994037429      -0.241242811647492     
 -0.246658174754888      -0.220201781567588      -0.243110452394595     
 -0.229208554180110      -0.233120358712363       0.368922848891897     
  0.360438572162337       0.364218446376173       0.356753037571142     
  0.359482597319570       0.353086370904475       0.354734169646614     
  0.368922848891897       0.361797062728375       0.364683855181205     
  0.357639830023972       0.360425993545985       0.353507754552274     
  0.356142974678060       0.368922848891897       0.358589515558563     
  0.364740458954790       0.354381968388752       0.360526622476802     
  0.350205867759821       0.356275050149758       0.350859687042362     
  0.377316080229662       0.354407409402655       0.368309307617140     
  0.364397503084887       0.387546024465722       0.379061747736162     
  0.382841621949999       0.375376213144967       0.378105772893395     
  0.371709546478301       0.373357345220439       0.387546024465722     
  0.380420238302200       0.383307030755030       0.376263005597798     
  0.379049169119810       0.372130930126099       0.374766150251886     
  0.387546024465722       0.377212691132389       0.383363634528615     
  0.373005143962577       0.379149798050628       0.368829043333647     
  0.374898225723584       0.369482862616187       0.395939255803487     
  0.373030584976480       0.386932483190965       0.383020678658713     
  8.466432899453880E-002  7.618005226497904E-002  7.995992647881553E-002
  7.249451767378408E-002  7.522407742221175E-002  6.882785100711741E-002
  7.047564974925578E-002  8.466432899453881E-002  7.753854283101680E-002
  8.042533528384699E-002  7.338131012661427E-002  7.616747364862685E-002
  6.924923465491616E-002  7.188445478070232E-002  8.466432899453881E-002
  7.433099566120546E-002  8.048193905743188E-002  7.012344849139414E-002
  7.626810257944446E-002  6.594734786246333E-002  7.201653025240043E-002
  6.660116714500408E-002  9.305756033230370E-002  7.014888950529684E-002
  8.405078771978217E-002  8.013898318752941E-002  0.490168913030144     
  0.481684636300585       0.485464510514421       0.477999101709390     
  0.480728661457817       0.474332435042723       0.475980233784861     
  0.490168913030144       0.483043126866622       0.485929919319453     
  0.478885894162220       0.481672057684232       0.474753818690522     
  0.477389038816308       0.490168913030144       0.479835579696811     
  0.485986523093037       0.475628032527000       0.481772686615050     
  0.471451931898069       0.477521114288006       0.472105751180609     
  0.498562144367909       0.475653473540902       0.489555371755388     
  0.485643567223135      -0.436692948656479      -0.445177225386039     
 -0.441397351172203      -0.448862759977234      -0.446133200228806     
 -0.452529426643901      -0.450881627901762      -0.436692948656479     
 -0.443818734820001      -0.440931942367171      -0.447975967524404     
 -0.445189804002391      -0.452108042996102      -0.449472822870316     
 -0.436692948656479      -0.447026281989813      -0.440875338593586     
 -0.451233829159624      -0.445089175071574      -0.455409929788555     
 -0.449340747398618      -0.454756110506014      -0.428299717318715     
 -0.451208388145721      -0.437306489931236      -0.441218294463489     
  0.352762011509744       0.344277734780184       0.348057608994020     
  0.340592200188989       0.343321759937416       0.336925533522322     
  0.338573332264461       0.352762011509744       0.345636225346222     
  0.348523017799052       0.341478992641819       0.344265156163832     
  0.337346917170121       0.339982137295907       0.352762011509744     
  0.342428678176410       0.348579621572637       0.338221131006599     
  0.344365785094649       0.334045030377668       0.340114212767605     
  0.334698849660209       0.361155242847508       0.338246572020502     
  0.352148470234987       0.348236665702734      -0.361244073305858     
 -0.369728350035418      -0.365948475821582      -0.373413884626613     
 -0.370684324878185      -0.377080551293280      -0.375432752551141     
 -0.361244073305858      -0.368369859469380      -0.365483067016550     
 -0.372527092173783      -0.369740928651770      -0.376659167645481     
 -0.374023947519695      -0.361244073305858      -0.371577406639192     
 -0.365426463242965      -0.375784953809003      -0.369640299720953     
 -0.379961054437934      -0.373891872047997      -0.379307235155393     
 -0.352850841968093      -0.375759512795100      -0.361857614580615     
 -0.365769419112868       0.135005434572234       0.126521157842674     
  0.130301032056510       0.122835623251479       0.125565182999906     
  0.119168956584812       0.120816755326951       0.135005434572234     
  0.127879648408712       0.130766440861542       0.123722415704309     
  0.126508579226322       0.119590340232611       0.122225560358397     
  0.135005434572234       0.124672101238900       0.130823044635127     
  0.120464554069089       0.126609208157139       0.116288453440158     
  0.122357635830095       0.116942272722699       0.143398665909998     
  0.120489995082992       0.134391893297477       0.130480088765224     
 -0.211209989251201      -0.219694265980761      -0.215914391766924     
 -0.223379800571956      -0.220650240823528      -0.227046467238622     
 -0.225398668496484      -0.211209989251201      -0.218335775414723     
 -0.215448982961893      -0.222493008119126      -0.219706844597113     
 -0.226625083590824      -0.223989863465038      -0.211209989251201     
 -0.221543322584534      -0.215392379188308      -0.225750869754346     
 -0.219606215666295      -0.229926970383277      -0.223857787993339     
 -0.229273151100736      -0.202816757913436      -0.225725428740443     
 -0.211823530525958      -0.215735335058210       8.884012703264138E-003
  3.997359737043900E-004  4.179610187540868E-003 -3.285798617490579E-003
 -5.562388690629051E-004 -6.952465284157244E-003 -5.304666542018880E-003
  8.884012703264138E-003  1.758226539742126E-003  4.645018992572314E-003
 -2.399006164660391E-003  3.871573573521880E-004 -6.531081636358505E-003
 -3.895861510572341E-003  8.884012703264138E-003 -1.449320630069197E-003
  4.701622766157218E-003 -5.656867799880516E-003  4.877862881697975E-004
 -9.832968428811335E-003 -3.763786038874229E-003 -9.179149146270580E-003
  1.727724404102905E-002 -5.631426785977814E-003  8.270471428507505E-003
  4.358666896254747E-003 -0.427845656605366      -0.436329933334925     
 -0.432550059121089      -0.440015467926120      -0.437285908177693     
 -0.443682134592787      -0.442034335850649      -0.427845656605366     
 -0.434971442768888      -0.432084650316057      -0.439128675473290     
 -0.436342511951277      -0.443260750944988      -0.440625530819202     
 -0.427845656605366      -0.438178989938699      -0.432028046542473     
 -0.442386537108510      -0.436241883020460      -0.446562637737441     
 -0.440493455347504      -0.445908818454900      -0.419452425267601     
 -0.442361096094608      -0.428459197880122      -0.432371002412375     
  6.251883928781321E-002  5.403456255825347E-002  5.781443677208994E-002
  5.034902796705850E-002  5.307858771548617E-002  4.668236130039184E-002
  4.833016004253021E-002  6.251883928781322E-002  5.539305312429121E-002
  5.827984557712140E-002  5.123582041988869E-002  5.402198394190127E-002
  4.710374494819058E-002  4.973896507397674E-002  6.251883928781322E-002
  5.218550595447988E-002  5.833644935070630E-002  4.797795878466856E-002
  5.412261287271888E-002  4.380185815573775E-002  4.987104054567485E-002
  4.445567743827850E-002  7.091207062557812E-002  4.800339979857126E-002
  6.190529801305659E-002  5.799349348080383E-002  0.334937864604843     
  0.326453587875283       0.330233462089120       0.322768053284088     
  0.325497613032516       0.319101386617421       0.320749185359560     
  0.334937864604843       0.327812078441321       0.330698870894151     
  0.323654845736918       0.326441009258931       0.319522770265220     
  0.322157990391006       0.334937864604843       0.324604531271509     
  0.330755474667736       0.320396984101698       0.326541638189748     
  0.316220883472767       0.322290065862704       0.316874702755308     
  0.343331095942608       0.320422425115601       0.334324323330086     
  0.330412518797833       0.478454384709920       0.469970107980360     
  0.473749982194197       0.466284573389165       0.469014133137593     
  0.462617906722499       0.464265705464637       0.478454384709920     
  0.471328598546398       0.474215390999228       0.467171365841995     
  0.469957529364008       0.463039290370297       0.465674510496084     
  0.478454384709920       0.468121051376587       0.474271994772813     
  0.463913504206775       0.470058158294826       0.459737403577844     
  0.465806585967782       0.460391222860385       0.486847616047685     
  0.463938945220678       0.477840843435163       0.473929038902911     
 -0.401332741790140      -0.409817018519700      -0.406037144305864     
 -0.413502553110895      -0.410772993362468      -0.417169219777562     
 -0.415521421035423      -0.401332741790140      -0.408458527953662     
 -0.405571735500832      -0.412615760658065      -0.409829597136052     
 -0.416747836129763      -0.414112616003977      -0.401332741790140     
 -0.411666075123474      -0.405515131727247      -0.415873622293285     
 -0.409728968205235      -0.420049722922216      -0.413980540532279     
 -0.419395903639675      -0.392939510452376      -0.415848181279383     
 -0.401946283064897      -0.405858087597150      -0.332145788861506     
 -0.340630065591066      -0.336850191377230      -0.344315600182261     
 -0.341586040433834      -0.347982266848928      -0.346334468106789     
 -0.332145788861506      -0.339271575025029      -0.336384782572198     
 -0.343428807729431      -0.340642644207418      -0.347560883201129     
 -0.344925663075343      -0.332145788861506      -0.342479122194840     
 -0.336328178798613      -0.346686669364651      -0.340542015276601     
 -0.350862769993582      -0.344793587603645      -0.350208950711041     
 -0.323752557523742      -0.346661228350748      -0.332759330136263     
 -0.336671134668516      -0.142185282494028      -0.150669559223587     
 -0.146889685009751      -0.154355093814782      -0.151625534066355     
 -0.158021760481449      -0.156373961739311      -0.142185282494028     
 -0.149311068657550      -0.146424276204719      -0.153468301361952     
 -0.150682137839940      -0.157600376833650      -0.154965156707864     
 -0.142185282494028      -0.152518615827361      -0.146367672431135     
 -0.156726162997172      -0.150581508909122      -0.160902263626103     
 -0.154833081236166      -0.160248444343562      -0.133792051156263     
 -0.156700721983270      -0.142798823768784      -0.146710628301037     
  0.322747219038544       0.314262942308984       0.318042816522821     
  0.310577407717789       0.313306967466217       0.306910741051122     
  0.308558539793261       0.322747219038544       0.315621432875022     
  0.318508225327852       0.311464200170619       0.314250363692632     
  0.307332124698921       0.309967344824707       0.322747219038544     
  0.312413885705211       0.318564829101437       0.308206338535399     
  0.314350992623450       0.304030237906468       0.310099420296406     
  0.304684057189009       0.331140450376309       0.308231779549302     
  0.322133677763787       0.318221873231535      -0.152203362971639     
 -0.160687639701199      -0.156907765487362      -0.164373174292394     
 -0.161643614543966      -0.168039840959060      -0.166392042216922     
 -0.152203362971639      -0.159329149135161      -0.156442356682331     
 -0.163486381839563      -0.160700218317551      -0.167618457311262     
 -0.164983237185475      -0.152203362971639      -0.162536696304972     
 -0.156385752908746      -0.166744243474784      -0.160599589386733     
 -0.170920344103714      -0.164851161713777      -0.170266524821174     
 -0.143810131633874      -0.166718802460881      -0.152816904246396     
 -0.156728708778648       0.426423678838845       0.417939402109285     
  0.421719276323122       0.414253867518090       0.416983427266518     
  0.410587200851424       0.412234999593562       0.426423678838845     
  0.419297892675323       0.422184685128153       0.415140659970921     
  0.417926823492933       0.411008584499223       0.413643804625009     
  0.426423678838845       0.416090345505512       0.422241288901738     
  0.411882798335700       0.418027452423751       0.407706697706770     
  0.413775880096707       0.408360516989310       0.434816910176610     
  0.411908239349603       0.425810137564088       0.421898333031836     
  0.121791100186199       0.113306823456639       0.117086697670475     
  0.109621288865444       0.112350848613871       0.105954622198777     
  0.107602420940916       0.121791100186199       0.114665314022677     
  0.117552106475507       0.110508081318274       0.113294244840287     
  0.106376005846576       0.109011225972362       0.121791100186199     
  0.111457766852865       0.117608710249092       0.107250219683054     
  0.113394873771104       0.103074119054123       0.109143301444060     
  0.103727938336664       0.130184331523963       0.107275660696957     
  0.121177558911442       0.117265754379189      -5.922956953720630E-002
 -6.771384626676605E-002 -6.393397205292957E-002 -7.139938085796102E-002
 -6.866982110953335E-002 -7.506604752462769E-002 -7.341824878248931E-002
 -5.922956953720630E-002 -6.635535570072830E-002 -6.346856324789811E-002
 -7.051258840513083E-002 -6.772642488311825E-002 -7.464466387682894E-002
 -7.200944375104278E-002 -5.922956953720630E-002 -6.956290287053964E-002
 -6.341195947431322E-002 -7.377045004035096E-002 -6.762579595230064E-002
 -7.794655066928177E-002 -7.187736827934467E-002 -7.729273138674102E-002
 -5.083633819944140E-002 -7.374500902644826E-002 -5.984311081196293E-002
 -6.375491534421569E-002 -0.200329670310174      -0.208813947039734     
 -0.205034072825897      -0.212499481630929      -0.209769921882501     
 -0.216166148297595      -0.214518349555457      -0.200329670310174     
 -0.207455456473696      -0.204568664020866      -0.211612689178099     
 -0.208826525656086      -0.215744764649797      -0.213109544524011     
 -0.200329670310174      -0.210663003643507      -0.204512060247281     
 -0.214870550813319      -0.208725896725268      -0.219046651442250     
 -0.212977469052312      -0.218392832159709      -0.191936438972409     
 -0.214845109799416      -0.200943211584931      -0.204855016117183     
  0.247375312376477       0.238891035646917       0.242670909860753     
  0.235205501055722       0.237935060804149       0.231538834389055     
  0.233186633131193       0.247375312376477       0.240249526212954     
  0.243136318665785       0.236092293508552       0.238878457030565     
  0.231960218036854       0.234595438162640       0.247375312376477     
  0.237041979043143       0.243192922439370       0.232834431873332     
  0.238979085961382       0.228658331244401       0.234727513634338     
  0.229312150526942       0.255768543714241       0.232859872887235     
  0.246761771101720       0.242849966569467       0.325634264073164     
  0.317149987343605       0.320929861557441       0.313464452752410     
  0.316194012500837       0.309797786085743       0.311445584827881     
  0.325634264073164       0.318508477909642       0.321395270362473     
  0.314351245205240       0.317137408727252       0.310219169733542     
  0.312854389859328       0.325634264073164       0.315300930739831     
  0.321451874136057       0.311093383570020       0.317238037658070     
  0.306917282941089       0.312986465331026       0.307571102223630     
  0.334027495410929       0.311118824583922       0.325020722798408     
  0.321108918266155       0.330457939454568       0.321973662725008     
  0.325753536938844       0.318288128133813       0.321017687882241     
  0.314621461467146       0.316269260209285       0.330457939454568     
  0.323332153291046       0.326218945743876       0.319174920586643     
  0.321961084108656       0.315042845114945       0.317678065240731     
  0.330457939454568       0.320124606121234       0.326275549517461     
  0.315917058951423       0.322061713039473       0.311740958322492     
  0.317810140712429       0.312394777605033       0.338851170792333     
  0.315942499965326       0.329844398179811       0.325932593647558     
  4.972621568000234E-002  4.124193895044259E-002  4.502181316427907E-002
  3.755640435924762E-002  4.028596410767529E-002  3.388973769258096E-002
  3.553753643471932E-002  4.972621568000234E-002  4.260042951648033E-002
  4.548722196931052E-002  3.844319681207781E-002  4.122936033409039E-002
  3.431112134037970E-002  3.694634146616587E-002  4.972621568000234E-002
  3.939288234666902E-002  4.554382574289543E-002  3.518533517685769E-002
  4.132998926490801E-002  3.100923454792688E-002  3.707841693786398E-002
  3.166305383046764E-002  5.811944701776726E-002  3.521077619076041E-002
  4.911267440524573E-002  4.520086987299297E-002 -0.370711971712630     
 -0.379196248442190      -0.375416374228353      -0.382881783033385     
 -0.380152223284957      -0.386548449700052      -0.384900650957913     
 -0.370711971712630      -0.377837757876152      -0.374950965423322     
 -0.381994990580555      -0.379208827058542      -0.386127066052253     
 -0.383491845926467      -0.370711971712630      -0.381045305045964     
 -0.374894361649737      -0.385252852215775      -0.379108198127725     
 -0.389428952844706      -0.383359770454769      -0.388775133562165     
 -0.362318740374865      -0.385227411201872      -0.371325512987387     
 -0.375237317519640      -0.448667339258207      -0.457151615987766     
 -0.453371741773930      -0.460837150578961      -0.458107590830534     
 -0.464503817245628      -0.462856018503490      -0.448667339258207     
 -0.455793125421729      -0.452906332968898      -0.459950358126131     
 -0.457164194604119      -0.464082433597829      -0.461447213472043     
 -0.448667339258207      -0.459000672591540      -0.452849729195314     
 -0.463208219761351      -0.457063565673301      -0.467384320390282     
 -0.461315138000345      -0.466730501107742      -0.440274107920442     
 -0.463182778747449      -0.449280880532963      -0.453192685065216     
