           1           2
           2           2
           3           2
           4           2
           5           2
           6           2
           7           2
           8           1
           9           1
          10           1
          11           1
          12           1
          13           1
          14           1
          15           4
          16           4
          17           4
          18           4
          19           4
          20           4
          21           4
          22           9
          23          28
          24          23
          25          27
          26          28
          27           9
          28          18
          29           2
          30           2
          31           2
          32           2
          33           2
          34           2
          35           2
          36           1
          37           1
          38           1
          39           1
          40           1
          41           1
          42           1
          43           4
          44           4
          45           4
          46           4
          47           4
          48           4
          49           4
          50           9
          51          28
          52          23
          53          27
          54          28
          55           9
          56          18
          57           2
          58           2
          59           2
          60           2
          61           2
          62           2
          63           2
          64           1
          65           1
          66           1
          67           1
          68           1
          69           1
          70           1
          71           4
          72           4
          73           4
          74           4
          75           4
          76           4
          77           4
          78           9
          79          28
          80          23
          81          27
          82          28
          83           9
          84          18
          85           2
          86           2
          87           2
          88           2
          89           2
          90           2
          91           2
          92           1
          93           1
          94           1
          95           1
          96           1
          97           1
          98           1
          99           4
         100           4
         101           4
         102           4
         103           4
         104           4
         105           4
         106           9
         107          28
         108          23
         109          27
         110          28
         111           9
         112          18
         113           2
         114           2
         115           2
         116           2
         117           2
         118           2
         119           2
         120           1
         121           1
         122           1
         123           1
         124           1
         125           1
         126           1
         127           4
         128           4
         129           4
         130           4
         131           4
         132           4
         133           4
         134           9
         135          28
         136          23
         137          27
         138          28
         139           9
         140          18
         141           2
         142           2
         143           2
         144           2
         145           2
         146           2
         147           2
         148           1
         149           1
         150           1
         151           1
         152           1
         153           1
         154           1
         155           4
         156           4
         157           4
         158           4
         159           4
         160           4
         161           4
         162           9
         163          28
         164          23
         165          27
         166          28
         167           9
         168          18
         169           2
         170           2
         171           2
         172           2
         173           2
         174           2
         175           2
         176           1
         177           1
         178           1
         179           1
         180           1
         181           1
         182           1
         183           4
         184           4
         185           4
         186           4
         187           4
         188           4
         189           4
         190           9
         191          28
         192          23
         193          27
         194          28
         195           9
         196          18
         197           2
         198           2
         199           2
         200           2
         201           2
         202           2
         203           2
         204           1
         205           1
         206           1
         207           1
         208           1
         209           1
         210           1
         211           4
         212           4
         213           4
         214           4
         215           4
         216           4
         217           4
         218           9
         219          28
         220          23
         221          27
         222          28
         223           9
         224          18
         225           2
         226           2
         227           2
         228           2
         229           2
         230           2
         231           2
         232           1
         233           1
         234           1
         235           1
         236           1
         237           1
         238           1
         239           4
         240           4
         241           4
         242           4
         243           4
         244           4
         245           4
         246           9
         247          28
         248          23
         249          27
         250          28
         251           9
         252          18
         253           2
         254           2
         255           2
         256           2
         257           2
         258           2
         259           2
         260           1
         261           1
         262           1
         263           1
         264           1
         265           1
         266           1
         267           4
         268           4
         269           4
         270           4
         271           4
         272           4
         273           4
         274           9
         275          28
         276          23
         277          27
         278          28
         279           9
         280          18
         281           2
         282           2
         283           2
         284           2
         285           2
         286           2
         287           2
         288           1
         289           1
         290           1
         291           1
         292           1
         293           1
         294           1
         295           4
         296           4
         297           4
         298           4
         299           4
         300           4
         301           4
         302           9
         303          28
         304          23
         305          27
         306          28
         307           9
         308          18
         309           2
         310           2
         311           2
         312           2
         313           2
         314           2
         315           2
         316           1
         317           1
         318           1
         319           1
         320           1
         321           1
         322           1
         323           4
         324           4
         325           4
         326           4
         327           4
         328           4
         329           4
         330           9
         331          28
         332          23
         333          27
         334          28
         335           9
         336          18
         337           2
         338           2
         339           2
         340           2
         341           2
         342           2
         343           2
         344           1
         345           1
         346           1
         347           1
         348           1
         349           1
         350           1
         351           4
         352           4
         353           4
         354           4
         355           4
         356           4
         357           4
         358           9
         359          28
         360          23
         361          27
         362          28
         363           9
         364          18
         365           2
         366           2
         367           2
         368           2
         369           2
         370           2
         371           2
         372           1
         373           1
         374           1
         375           1
         376           1
         377           1
         378           1
         379           4
         380           4
         381           4
         382           4
         383           4
         384           4
         385           4
         386           9
         387          28
         388          23
         389          27
         390          28
         391           9
         392          18
         393           2
         394           2
         395           2
         396           2
         397           2
         398           2
         399           2
         400           1
         401           1
         402           1
         403           1
         404           1
         405           1
         406           1
         407           4
         408           4
         409           4
         410           4
         411           4
         412           4
         413           4
         414           9
         415          28
         416          23
         417          27
         418          28
         419           9
         420          18
         421           2
         422           2
         423           2
         424           2
         425           2
         426           2
         427           2
         428           1
         429           1
         430           1
         431           1
         432           1
         433           1
         434           1
         435           4
         436           4
         437           4
         438           4
         439           4
         440           4
         441           4
         442           9
         443          28
         444          23
         445          27
         446          28
         447           9
         448          18
         449           2
         450           2
         451           2
         452           2
         453           2
         454           2
         455           2
         456           1
         457           1
         458           1
         459           1
         460           1
         461           1
         462           1
         463           4
         464           4
         465           4
         466           4
         467           4
         468           4
         469           4
         470           9
         471          28
         472          23
         473          27
         474          28
         475           9
         476          18
         477           2
         478           2
         479           2
         480           2
         481           2
         482           2
         483           2
         484           1
         485           1
         486           1
         487           1
         488           1
         489           1
         490           1
         491           4
         492           4
         493           4
         494           4
         495           4
         496           4
         497           4
         498           9
         499          28
         500          23
         501          27
         502          28
         503           9
         504          18
         505           2
         506           2
         507           2
         508           2
         509           2
         510           2
         511           2
         512           1
         513           1
         514           1
         515           1
         516           1
         517           1
         518           1
         519           4
         520           4
         521           4
         522           4
         523           4
         524           4
         525           4
         526           9
         527          28
         528          23
         529          27
         530          28
         531           9
         532          18
         533           2
         534           2
         535           2
         536           2
         537           2
         538           2
         539           2
         540           1
         541           1
         542           1
         543           1
         544           1
         545           1
         546           1
         547           4
         548           4
         549           4
         550           4
         551           4
         552           4
         553           4
         554           9
         555          28
         556          23
         557          27
         558          28
         559           9
         560          18
         561           2
         562           2
         563           2
         564           2
         565           2
         566           2
         567           2
         568           1
         569           1
         570           1
         571           1
         572           1
         573           1
         574           1
         575           4
         576           4
         577           4
         578           4
         579           4
         580           4
         581           4
         582           9
         583          28
         584          23
         585          27
         586          28
         587           9
         588          18
         589           2
         590           2
         591           2
         592           2
         593           2
         594           2
         595           2
         596           1
         597           1
         598           1
         599           1
         600           1
         601           1
         602           1
         603           4
         604           4
         605           4
         606           4
         607           4
         608           4
         609           4
         610           9
         611          28
         612          23
         613          27
         614          28
         615           9
         616          18
         617           2
         618           2
         619           2
         620           2
         621           2
         622           2
         623           2
         624           1
         625           1
         626           1
         627           1
         628           1
         629           1
         630           1
         631           4
         632           4
         633           4
         634           4
         635           4
         636           4
         637           4
         638           9
         639          28
         640          23
         641          27
         642          28
         643           9
         644          18
         645           2
         646           2
         647           2
         648           2
         649           2
         650           2
         651           2
         652           1
         653           1
         654           1
         655           1
         656           1
         657           1
         658           1
         659           4
         660           4
         661           4
         662           4
         663           4
         664           4
         665           4
         666           9
         667          28
         668          23
         669          27
         670          28
         671           9
         672          18
           1           2
           2           2
           3           2
           4           2
           5           2
           6           2
           7           2
           8           1
           9           1
          10           1
          11           1
          12           1
          13           1
          14           1
          15           4
          16           4
          17           4
          18           4
          19           4
          20           4
          21           4
          22           9
          23          28
          24          23
          25          27
          26          28
          27           9
          28          18
          29           2
          30           2
          31           2
          32           2
          33           2
          34           2
          35           2
          36           1
          37           1
          38           1
          39           1
          40           1
          41           1
          42           1
          43           4
          44           4
          45           4
          46           4
          47           4
          48           4
          49           4
          50           9
          51          28
          52          23
          53          27
          54          28
          55           9
          56          18
          57           2
          58           2
          59           2
          60           2
          61           2
          62           2
          63           2
          64           1
          65           1
          66           1
          67           1
          68           1
          69           1
          70           1
          71           4
          72           4
          73           4
          74           4
          75           4
          76           4
          77           4
          78           9
          79          28
          80          23
          81          27
          82          28
          83           9
          84          18
          85           2
          86           2
          87           2
          88           2
          89           2
          90           2
          91           2
          92           1
          93           1
          94           1
          95           1
          96           1
          97           1
          98           1
          99           4
         100           4
         101           4
         102           4
         103           4
         104           4
         105           4
         106           9
         107          28
         108          23
         109          27
         110          28
         111           9
         112          18
         113           2
         114           2
         115           2
         116           2
         117           2
         118           2
         119           2
         120           1
         121           1
         122           1
         123           1
         124           1
         125           1
         126           1
         127           4
         128           4
         129           4
         130           4
         131           4
         132           4
         133           4
         134           9
         135          28
         136          23
         137          27
         138          28
         139           9
         140          18
         141           2
         142           2
         143           2
         144           2
         145           2
         146           2
         147           2
         148           1
         149           1
         150           1
         151           1
         152           1
         153           1
         154           1
         155           4
         156           4
         157           4
         158           4
         159           4
         160           4
         161           4
         162           9
         163          28
         164          23
         165          27
         166          28
         167           9
         168          18
         169           2
         170           2
         171           2
         172           2
         173           2
         174           2
         175           2
         176           1
         177           1
         178           1
         179           1
         180           1
         181           1
         182           1
         183           4
         184           4
         185           4
         186           4
         187           4
         188           4
         189           4
         190           9
         191          28
         192          23
         193          27
         194          28
         195           9
         196          18
         197           2
         198           2
         199           2
         200           2
         201           2
         202           2
         203           2
         204           1
         205           1
         206           1
         207           1
         208           1
         209           1
         210           1
         211           4
         212           4
         213           4
         214           4
         215           4
         216           4
         217           4
         218           9
         219          28
         220          23
         221          27
         222          28
         223           9
         224          18
         225           2
         226           2
         227           2
         228           2
         229           2
         230           2
         231           2
         232           1
         233           1
         234           1
         235           1
         236           1
         237           1
         238           1
         239           4
         240           4
         241           4
         242           4
         243           4
         244           4
         245           4
         246           9
         247          28
         248          23
         249          27
         250          28
         251           9
         252          18
         253           2
         254           2
         255           2
         256           2
         257           2
         258           2
         259           2
         260           1
         261           1
         262           1
         263           1
         264           1
         265           1
         266           1
         267           4
         268           4
         269           4
         270           4
         271           4
         272           4
         273           4
         274           9
         275          28
         276          23
         277          27
         278          28
         279           9
         280          18
         281           2
         282           2
         283           2
         284           2
         285           2
         286           2
         287           2
         288           1
         289           1
         290           1
         291           1
         292           1
         293           1
         294           1
         295           4
         296           4
         297           4
         298           4
         299           4
         300           4
         301           4
         302           9
         303          28
         304          23
         305          27
         306          28
         307           9
         308          18
         309           2
         310           2
         311           2
         312           2
         313           2
         314           2
         315           2
         316           1
         317           1
         318           1
         319           1
         320           1
         321           1
         322           1
         323           4
         324           4
         325           4
         326           4
         327           4
         328           4
         329           4
         330           9
         331          28
         332          23
         333          27
         334          28
         335           9
         336          18
         337           2
         338           2
         339           2
         340           2
         341           2
         342           2
         343           2
         344           1
         345           1
         346           1
         347           1
         348           1
         349           1
         350           1
         351           4
         352           4
         353           4
         354           4
         355           4
         356           4
         357           4
         358           9
         359          28
         360          23
         361          27
         362          28
         363           9
         364          18
         365           2
         366           2
         367           2
         368           2
         369           2
         370           2
         371           2
         372           1
         373           1
         374           1
         375           1
         376           1
         377           1
         378           1
         379           4
         380           4
         381           4
         382           4
         383           4
         384           4
         385           4
         386           9
         387          28
         388          23
         389          27
         390          28
         391           9
         392          18
         393           2
         394           2
         395           2
         396           2
         397           2
         398           2
         399           2
         400           1
         401           1
         402           1
         403           1
         404           1
         405           1
         406           1
         407           4
         408           4
         409           4
         410           4
         411           4
         412           4
         413           4
         414           9
         415          28
         416          23
         417          27
         418          28
         419           9
         420          18
         421           2
         422           2
         423           2
         424           2
         425           2
         426           2
         427           2
         428           1
         429           1
         430           1
         431           1
         432           1
         433           1
         434           1
         435           4
         436           4
         437           4
         438           4
         439           4
         440           4
         441           4
         442           9
         443          28
         444          23
         445          27
         446          28
         447           9
         448          18
         449           2
         450           2
         451           2
         452           2
         453           2
         454           2
         455           2
         456           1
         457           1
         458           1
         459           1
         460           1
         461           1
         462           1
         463           4
         464           4
         465           4
         466           4
         467           4
         468           4
         469           4
         470           9
         471          28
         472          23
         473          27
         474          28
         475           9
         476          18
         477           2
         478           2
         479           2
         480           2
         481           2
         482           2
         483           2
         484           1
         485           1
         486           1
         487           1
         488           1
         489           1
         490           1
         491           4
         492           4
         493           4
         494           4
         495           4
         496           4
         497           4
         498           9
         499          28
         500          23
         501          27
         502          28
         503           9
         504          18
         505           2
         506           2
         507           2
         508           2
         509           2
         510           2
         511           2
         512           1
         513           1
         514           1
         515           1
         516           1
         517           1
         518           1
         519           4
         520           4
         521           4
         522           4
         523           4
         524           4
         525           4
         526           9
         527          28
         528          23
         529          27
         530          28
         531           9
         532          18
         533           2
         534           2
         535           2
         536           2
         537           2
         538           2
         539           2
         540           1
         541           1
         542           1
         543           1
         544           1
         545           1
         546           1
         547           4
         548           4
         549           4
         550           4
         551           4
         552           4
         553           4
         554           9
         555          28
         556          23
         557          27
         558          28
         559           9
         560          18
         561           2
         562           2
         563           2
         564           2
         565           2
         566           2
         567           2
         568           1
         569           1
         570           1
         571           1
         572           1
         573           1
         574           1
         575           4
         576           4
         577           4
         578           4
         579           4
         580           4
         581           4
         582           9
         583          28
         584          23
         585          27
         586          28
         587           9
         588          18
         589           2
         590           2
         591           2
         592           2
         593           2
         594           2
         595           2
         596           1
         597           1
         598           1
         599           1
         600           1
         601           1
         602           1
         603           4
         604           4
         605           4
         606           4
         607           4
         608           4
         609           4
         610           9
         611          28
         612          23
         613          27
         614          28
         615           9
         616          18
         617           2
         618           2
         619           2
         620           2
         621           2
         622           2
         623           2
         624           1
         625           1
         626           1
         627           1
         628           1
         629           1
         630           1
         631           4
         632           4
         633           4
         634           4
         635           4
         636           4
         637           4
         638           9
         639          28
         640          23
         641          27
         642          28
         643           9
         644          18
         645           2
         646           2
         647           2
         648           2
         649           2
         650           2
         651           2
         652           1
         653           1
         654           1
         655           1
         656           1
         657           1
         658           1
         659           4
         660           4
         661           4
         662           4
         663           4
         664           4
         665           4
         666           9
         667          28
         668          23
         669          27
         670          28
         671           9
         672          18
