           1           2  0.866000000000000     
           2           2  0.866000000000000     
           3           2  0.866000000000000     
           4           2  0.866000000000000     
           5           2  0.866000000000000     
           6           2  0.866000000000000     
           7           2  0.866000000000000     
           8           1  0.999000000000000     
           9           1  0.999000000000000     
          10           1  0.999000000000000     
          11           1  0.999000000000000     
          12           1  0.999000000000000     
          13           1  0.999000000000000     
          14           1  0.999000000000000     
          15           4   1.86300000000000     
          16           4   1.86300000000000     
          17           4   1.86300000000000     
          18           4   1.86300000000000     
          19           4   1.86300000000000     
          20           4   1.86300000000000     
          21           4   1.86300000000000     
          22           9  6.700000000000000E-002
          23          28   2.86600000000000     
          24          23   3.79900000000000     
          25          27   7.12600000000000     
          26          28   2.86600000000000     
          27           9  6.700000000000000E-002
          28          18   2.06400000000000     
          29           2  0.866000000000000     
          30           2  0.866000000000000     
          31           2  0.866000000000000     
          32           2  0.866000000000000     
          33           2  0.866000000000000     
          34           2  0.866000000000000     
          35           2  0.866000000000000     
          36           1  0.999000000000000     
          37           1  0.999000000000000     
          38           1  0.999000000000000     
          39           1  0.999000000000000     
          40           1  0.999000000000000     
          41           1  0.999000000000000     
          42           1  0.999000000000000     
          43           4   1.86300000000000     
          44           4   1.86300000000000     
          45           4   1.86300000000000     
          46           4   1.86300000000000     
          47           4   1.86300000000000     
          48           4   1.86300000000000     
          49           4   1.86300000000000     
          50           9  6.700000000000000E-002
          51          28   2.86600000000000     
          52          23   3.79900000000000     
          53          27   7.12600000000000     
          54          28   2.86600000000000     
          55           9  6.700000000000000E-002
          56          18   2.06400000000000     
          57           2  0.866000000000000     
          58           2  0.866000000000000     
          59           2  0.866000000000000     
          60           2  0.866000000000000     
          61           2  0.866000000000000     
          62           2  0.866000000000000     
          63           2  0.866000000000000     
          64           1  0.999000000000000     
          65           1  0.999000000000000     
          66           1  0.999000000000000     
          67           1  0.999000000000000     
          68           1  0.999000000000000     
          69           1  0.999000000000000     
          70           1  0.999000000000000     
          71           4   1.86300000000000     
          72           4   1.86300000000000     
          73           4   1.86300000000000     
          74           4   1.86300000000000     
          75           4   1.86300000000000     
          76           4   1.86300000000000     
          77           4   1.86300000000000     
          78           9  6.700000000000000E-002
          79          28   2.86600000000000     
          80          23   3.79900000000000     
          81          27   7.12600000000000     
          82          28   2.86600000000000     
          83           9  6.700000000000000E-002
          84          18   2.06400000000000     
          85           2  0.866000000000000     
          86           2  0.866000000000000     
          87           2  0.866000000000000     
          88           2  0.866000000000000     
          89           2  0.866000000000000     
          90           2  0.866000000000000     
          91           2  0.866000000000000     
          92           1  0.999000000000000     
          93           1  0.999000000000000     
          94           1  0.999000000000000     
          95           1  0.999000000000000     
          96           1  0.999000000000000     
          97           1  0.999000000000000     
          98           1  0.999000000000000     
          99           4   1.86300000000000     
         100           4   1.86300000000000     
         101           4   1.86300000000000     
         102           4   1.86300000000000     
         103           4   1.86300000000000     
         104           4   1.86300000000000     
         105           4   1.86300000000000     
         106           9  6.700000000000000E-002
         107          28   2.86600000000000     
         108          23   3.79900000000000     
         109          27   7.12600000000000     
         110          28   2.86600000000000     
         111           9  6.700000000000000E-002
         112          18   2.06400000000000     
         113           2  0.866000000000000     
         114           2  0.866000000000000     
         115           2  0.866000000000000     
         116           2  0.866000000000000     
         117           2  0.866000000000000     
         118           2  0.866000000000000     
         119           2  0.866000000000000     
         120           1  0.999000000000000     
         121           1  0.999000000000000     
         122           1  0.999000000000000     
         123           1  0.999000000000000     
         124           1  0.999000000000000     
         125           1  0.999000000000000     
         126           1  0.999000000000000     
         127           4   1.86300000000000     
         128           4   1.86300000000000     
         129           4   1.86300000000000     
         130           4   1.86300000000000     
         131           4   1.86300000000000     
         132           4   1.86300000000000     
         133           4   1.86300000000000     
         134           9  6.700000000000000E-002
         135          28   2.86600000000000     
         136          23   3.79900000000000     
         137          27   7.12600000000000     
         138          28   2.86600000000000     
         139           9  6.700000000000000E-002
         140          18   2.06400000000000     
         141           2  0.866000000000000     
         142           2  0.866000000000000     
         143           2  0.866000000000000     
         144           2  0.866000000000000     
         145           2  0.866000000000000     
         146           2  0.866000000000000     
         147           2  0.866000000000000     
         148           1  0.999000000000000     
         149           1  0.999000000000000     
         150           1  0.999000000000000     
         151           1  0.999000000000000     
         152           1  0.999000000000000     
         153           1  0.999000000000000     
         154           1  0.999000000000000     
         155           4   1.86300000000000     
         156           4   1.86300000000000     
         157           4   1.86300000000000     
         158           4   1.86300000000000     
         159           4   1.86300000000000     
         160           4   1.86300000000000     
         161           4   1.86300000000000     
         162           9  6.700000000000000E-002
         163          28   2.86600000000000     
         164          23   3.79900000000000     
         165          27   7.12600000000000     
         166          28   2.86600000000000     
         167           9  6.700000000000000E-002
         168          18   2.06400000000000     
         169           2  0.866000000000000     
         170           2  0.866000000000000     
         171           2  0.866000000000000     
         172           2  0.866000000000000     
         173           2  0.866000000000000     
         174           2  0.866000000000000     
         175           2  0.866000000000000     
         176           1  0.999000000000000     
         177           1  0.999000000000000     
         178           1  0.999000000000000     
         179           1  0.999000000000000     
         180           1  0.999000000000000     
         181           1  0.999000000000000     
         182           1  0.999000000000000     
         183           4   1.86300000000000     
         184           4   1.86300000000000     
         185           4   1.86300000000000     
         186           4   1.86300000000000     
         187           4   1.86300000000000     
         188           4   1.86300000000000     
         189           4   1.86300000000000     
         190           9  6.700000000000000E-002
         191          28   2.86600000000000     
         192          23   3.79900000000000     
         193          27   7.12600000000000     
         194          28   2.86600000000000     
         195           9  6.700000000000000E-002
         196          18   2.06400000000000     
         197           2  0.866000000000000     
         198           2  0.866000000000000     
         199           2  0.866000000000000     
         200           2  0.866000000000000     
         201           2  0.866000000000000     
         202           2  0.866000000000000     
         203           2  0.866000000000000     
         204           1  0.999000000000000     
         205           1  0.999000000000000     
         206           1  0.999000000000000     
         207           1  0.999000000000000     
         208           1  0.999000000000000     
         209           1  0.999000000000000     
         210           1  0.999000000000000     
         211           4   1.86300000000000     
         212           4   1.86300000000000     
         213           4   1.86300000000000     
         214           4   1.86300000000000     
         215           4   1.86300000000000     
         216           4   1.86300000000000     
         217           4   1.86300000000000     
         218           9  6.700000000000000E-002
         219          28   2.86600000000000     
         220          23   3.79900000000000     
         221          27   7.12600000000000     
         222          28   2.86600000000000     
         223           9  6.700000000000000E-002
         224          18   2.06400000000000     
         225           2  0.866000000000000     
         226           2  0.866000000000000     
         227           2  0.866000000000000     
         228           2  0.866000000000000     
         229           2  0.866000000000000     
         230           2  0.866000000000000     
         231           2  0.866000000000000     
         232           1  0.999000000000000     
         233           1  0.999000000000000     
         234           1  0.999000000000000     
         235           1  0.999000000000000     
         236           1  0.999000000000000     
         237           1  0.999000000000000     
         238           1  0.999000000000000     
         239           4   1.86300000000000     
         240           4   1.86300000000000     
         241           4   1.86300000000000     
         242           4   1.86300000000000     
         243           4   1.86300000000000     
         244           4   1.86300000000000     
         245           4   1.86300000000000     
         246           9  6.700000000000000E-002
         247          28   2.86600000000000     
         248          23   3.79900000000000     
         249          27   7.12600000000000     
         250          28   2.86600000000000     
         251           9  6.700000000000000E-002
         252          18   2.06400000000000     
         253           2  0.866000000000000     
         254           2  0.866000000000000     
         255           2  0.866000000000000     
         256           2  0.866000000000000     
         257           2  0.866000000000000     
         258           2  0.866000000000000     
         259           2  0.866000000000000     
         260           1  0.999000000000000     
         261           1  0.999000000000000     
         262           1  0.999000000000000     
         263           1  0.999000000000000     
         264           1  0.999000000000000     
         265           1  0.999000000000000     
         266           1  0.999000000000000     
         267           4   1.86300000000000     
         268           4   1.86300000000000     
         269           4   1.86300000000000     
         270           4   1.86300000000000     
         271           4   1.86300000000000     
         272           4   1.86300000000000     
         273           4   1.86300000000000     
         274           9  6.700000000000000E-002
         275          28   2.86600000000000     
         276          23   3.79900000000000     
         277          27   7.12600000000000     
         278          28   2.86600000000000     
         279           9  6.700000000000000E-002
         280          18   2.06400000000000     
         281           2  0.866000000000000     
         282           2  0.866000000000000     
         283           2  0.866000000000000     
         284           2  0.866000000000000     
         285           2  0.866000000000000     
         286           2  0.866000000000000     
         287           2  0.866000000000000     
         288           1  0.999000000000000     
         289           1  0.999000000000000     
         290           1  0.999000000000000     
         291           1  0.999000000000000     
         292           1  0.999000000000000     
         293           1  0.999000000000000     
         294           1  0.999000000000000     
         295           4   1.86300000000000     
         296           4   1.86300000000000     
         297           4   1.86300000000000     
         298           4   1.86300000000000     
         299           4   1.86300000000000     
         300           4   1.86300000000000     
         301           4   1.86300000000000     
         302           9  6.700000000000000E-002
         303          28   2.86600000000000     
         304          23   3.79900000000000     
         305          27   7.12600000000000     
         306          28   2.86600000000000     
         307           9  6.700000000000000E-002
         308          18   2.06400000000000     
         309           2  0.866000000000000     
         310           2  0.866000000000000     
         311           2  0.866000000000000     
         312           2  0.866000000000000     
         313           2  0.866000000000000     
         314           2  0.866000000000000     
         315           2  0.866000000000000     
         316           1  0.999000000000000     
         317           1  0.999000000000000     
         318           1  0.999000000000000     
         319           1  0.999000000000000     
         320           1  0.999000000000000     
         321           1  0.999000000000000     
         322           1  0.999000000000000     
         323           4   1.86300000000000     
         324           4   1.86300000000000     
         325           4   1.86300000000000     
         326           4   1.86300000000000     
         327           4   1.86300000000000     
         328           4   1.86300000000000     
         329           4   1.86300000000000     
         330           9  6.700000000000000E-002
         331          28   2.86600000000000     
         332          23   3.79900000000000     
         333          27   7.12600000000000     
         334          28   2.86600000000000     
         335           9  6.700000000000000E-002
         336          18   2.06400000000000     
         337           2  0.866000000000000     
         338           2  0.866000000000000     
         339           2  0.866000000000000     
         340           2  0.866000000000000     
         341           2  0.866000000000000     
         342           2  0.866000000000000     
         343           2  0.866000000000000     
         344           1  0.999000000000000     
         345           1  0.999000000000000     
         346           1  0.999000000000000     
         347           1  0.999000000000000     
         348           1  0.999000000000000     
         349           1  0.999000000000000     
         350           1  0.999000000000000     
         351           4   1.86300000000000     
         352           4   1.86300000000000     
         353           4   1.86300000000000     
         354           4   1.86300000000000     
         355           4   1.86300000000000     
         356           4   1.86300000000000     
         357           4   1.86300000000000     
         358           9  6.700000000000000E-002
         359          28   2.86600000000000     
         360          23   3.79900000000000     
         361          27   7.12600000000000     
         362          28   2.86600000000000     
         363           9  6.700000000000000E-002
         364          18   2.06400000000000     
         365           2  0.866000000000000     
         366           2  0.866000000000000     
         367           2  0.866000000000000     
         368           2  0.866000000000000     
         369           2  0.866000000000000     
         370           2  0.866000000000000     
         371           2  0.866000000000000     
         372           1  0.999000000000000     
         373           1  0.999000000000000     
         374           1  0.999000000000000     
         375           1  0.999000000000000     
         376           1  0.999000000000000     
         377           1  0.999000000000000     
         378           1  0.999000000000000     
         379           4   1.86300000000000     
         380           4   1.86300000000000     
         381           4   1.86300000000000     
         382           4   1.86300000000000     
         383           4   1.86300000000000     
         384           4   1.86300000000000     
         385           4   1.86300000000000     
         386           9  6.700000000000000E-002
         387          28   2.86600000000000     
         388          23   3.79900000000000     
         389          27   7.12600000000000     
         390          28   2.86600000000000     
         391           9  6.700000000000000E-002
         392          18   2.06400000000000     
         393           2  0.866000000000000     
         394           2  0.866000000000000     
         395           2  0.866000000000000     
         396           2  0.866000000000000     
         397           2  0.866000000000000     
         398           2  0.866000000000000     
         399           2  0.866000000000000     
         400           1  0.999000000000000     
         401           1  0.999000000000000     
         402           1  0.999000000000000     
         403           1  0.999000000000000     
         404           1  0.999000000000000     
         405           1  0.999000000000000     
         406           1  0.999000000000000     
         407           4   1.86300000000000     
         408           4   1.86300000000000     
         409           4   1.86300000000000     
         410           4   1.86300000000000     
         411           4   1.86300000000000     
         412           4   1.86300000000000     
         413           4   1.86300000000000     
         414           9  6.700000000000000E-002
         415          28   2.86600000000000     
         416          23   3.79900000000000     
         417          27   7.12600000000000     
         418          28   2.86600000000000     
         419           9  6.700000000000000E-002
         420          18   2.06400000000000     
         421           2  0.866000000000000     
         422           2  0.866000000000000     
         423           2  0.866000000000000     
         424           2  0.866000000000000     
         425           2  0.866000000000000     
         426           2  0.866000000000000     
         427           2  0.866000000000000     
         428           1  0.999000000000000     
         429           1  0.999000000000000     
         430           1  0.999000000000000     
         431           1  0.999000000000000     
         432           1  0.999000000000000     
         433           1  0.999000000000000     
         434           1  0.999000000000000     
         435           4   1.86300000000000     
         436           4   1.86300000000000     
         437           4   1.86300000000000     
         438           4   1.86300000000000     
         439           4   1.86300000000000     
         440           4   1.86300000000000     
         441           4   1.86300000000000     
         442           9  6.700000000000000E-002
         443          28   2.86600000000000     
         444          23   3.79900000000000     
         445          27   7.12600000000000     
         446          28   2.86600000000000     
         447           9  6.700000000000000E-002
         448          18   2.06400000000000     
         449           2  0.866000000000000     
         450           2  0.866000000000000     
         451           2  0.866000000000000     
         452           2  0.866000000000000     
         453           2  0.866000000000000     
         454           2  0.866000000000000     
         455           2  0.866000000000000     
         456           1  0.999000000000000     
         457           1  0.999000000000000     
         458           1  0.999000000000000     
         459           1  0.999000000000000     
         460           1  0.999000000000000     
         461           1  0.999000000000000     
         462           1  0.999000000000000     
         463           4   1.86300000000000     
         464           4   1.86300000000000     
         465           4   1.86300000000000     
         466           4   1.86300000000000     
         467           4   1.86300000000000     
         468           4   1.86300000000000     
         469           4   1.86300000000000     
         470           9  6.700000000000000E-002
         471          28   2.86600000000000     
         472          23   3.79900000000000     
         473          27   7.12600000000000     
         474          28   2.86600000000000     
         475           9  6.700000000000000E-002
         476          18   2.06400000000000     
         477           2  0.866000000000000     
         478           2  0.866000000000000     
         479           2  0.866000000000000     
         480           2  0.866000000000000     
         481           2  0.866000000000000     
         482           2  0.866000000000000     
         483           2  0.866000000000000     
         484           1  0.999000000000000     
         485           1  0.999000000000000     
         486           1  0.999000000000000     
         487           1  0.999000000000000     
         488           1  0.999000000000000     
         489           1  0.999000000000000     
         490           1  0.999000000000000     
         491           4   1.86300000000000     
         492           4   1.86300000000000     
         493           4   1.86300000000000     
         494           4   1.86300000000000     
         495           4   1.86300000000000     
         496           4   1.86300000000000     
         497           4   1.86300000000000     
         498           9  6.700000000000000E-002
         499          28   2.86600000000000     
         500          23   3.79900000000000     
         501          27   7.12600000000000     
         502          28   2.86600000000000     
         503           9  6.700000000000000E-002
         504          18   2.06400000000000     
         505           2  0.866000000000000     
         506           2  0.866000000000000     
         507           2  0.866000000000000     
         508           2  0.866000000000000     
         509           2  0.866000000000000     
         510           2  0.866000000000000     
         511           2  0.866000000000000     
         512           1  0.999000000000000     
         513           1  0.999000000000000     
         514           1  0.999000000000000     
         515           1  0.999000000000000     
         516           1  0.999000000000000     
         517           1  0.999000000000000     
         518           1  0.999000000000000     
         519           4   1.86300000000000     
         520           4   1.86300000000000     
         521           4   1.86300000000000     
         522           4   1.86300000000000     
         523           4   1.86300000000000     
         524           4   1.86300000000000     
         525           4   1.86300000000000     
         526           9  6.700000000000000E-002
         527          28   2.86600000000000     
         528          23   3.79900000000000     
         529          27   7.12600000000000     
         530          28   2.86600000000000     
         531           9  6.700000000000000E-002
         532          18   2.06400000000000     
         533           2  0.866000000000000     
         534           2  0.866000000000000     
         535           2  0.866000000000000     
         536           2  0.866000000000000     
         537           2  0.866000000000000     
         538           2  0.866000000000000     
         539           2  0.866000000000000     
         540           1  0.999000000000000     
         541           1  0.999000000000000     
         542           1  0.999000000000000     
         543           1  0.999000000000000     
         544           1  0.999000000000000     
         545           1  0.999000000000000     
         546           1  0.999000000000000     
         547           4   1.86300000000000     
         548           4   1.86300000000000     
         549           4   1.86300000000000     
         550           4   1.86300000000000     
         551           4   1.86300000000000     
         552           4   1.86300000000000     
         553           4   1.86300000000000     
         554           9  6.700000000000000E-002
         555          28   2.86600000000000     
         556          23   3.79900000000000     
         557          27   7.12600000000000     
         558          28   2.86600000000000     
         559           9  6.700000000000000E-002
         560          18   2.06400000000000     
         561           2  0.866000000000000     
         562           2  0.866000000000000     
         563           2  0.866000000000000     
         564           2  0.866000000000000     
         565           2  0.866000000000000     
         566           2  0.866000000000000     
         567           2  0.866000000000000     
         568           1  0.999000000000000     
         569           1  0.999000000000000     
         570           1  0.999000000000000     
         571           1  0.999000000000000     
         572           1  0.999000000000000     
         573           1  0.999000000000000     
         574           1  0.999000000000000     
         575           4   1.86300000000000     
         576           4   1.86300000000000     
         577           4   1.86300000000000     
         578           4   1.86300000000000     
         579           4   1.86300000000000     
         580           4   1.86300000000000     
         581           4   1.86300000000000     
         582           9  6.700000000000000E-002
         583          28   2.86600000000000     
         584          23   3.79900000000000     
         585          27   7.12600000000000     
         586          28   2.86600000000000     
         587           9  6.700000000000000E-002
         588          18   2.06400000000000     
         589           2  0.866000000000000     
         590           2  0.866000000000000     
         591           2  0.866000000000000     
         592           2  0.866000000000000     
         593           2  0.866000000000000     
         594           2  0.866000000000000     
         595           2  0.866000000000000     
         596           1  0.999000000000000     
         597           1  0.999000000000000     
         598           1  0.999000000000000     
         599           1  0.999000000000000     
         600           1  0.999000000000000     
         601           1  0.999000000000000     
         602           1  0.999000000000000     
         603           4   1.86300000000000     
         604           4   1.86300000000000     
         605           4   1.86300000000000     
         606           4   1.86300000000000     
         607           4   1.86300000000000     
         608           4   1.86300000000000     
         609           4   1.86300000000000     
         610           9  6.700000000000000E-002
         611          28   2.86600000000000     
         612          23   3.79900000000000     
         613          27   7.12600000000000     
         614          28   2.86600000000000     
         615           9  6.700000000000000E-002
         616          18   2.06400000000000     
         617           2  0.866000000000000     
         618           2  0.866000000000000     
         619           2  0.866000000000000     
         620           2  0.866000000000000     
         621           2  0.866000000000000     
         622           2  0.866000000000000     
         623           2  0.866000000000000     
         624           1  0.999000000000000     
         625           1  0.999000000000000     
         626           1  0.999000000000000     
         627           1  0.999000000000000     
         628           1  0.999000000000000     
         629           1  0.999000000000000     
         630           1  0.999000000000000     
         631           4   1.86300000000000     
         632           4   1.86300000000000     
         633           4   1.86300000000000     
         634           4   1.86300000000000     
         635           4   1.86300000000000     
         636           4   1.86300000000000     
         637           4   1.86300000000000     
         638           9  6.700000000000000E-002
         639          28   2.86600000000000     
         640          23   3.79900000000000     
         641          27   7.12600000000000     
         642          28   2.86600000000000     
         643           9  6.700000000000000E-002
         644          18   2.06400000000000     
         645           2  0.866000000000000     
         646           2  0.866000000000000     
         647           2  0.866000000000000     
         648           2  0.866000000000000     
         649           2  0.866000000000000     
         650           2  0.866000000000000     
         651           2  0.866000000000000     
         652           1  0.999000000000000     
         653           1  0.999000000000000     
         654           1  0.999000000000000     
         655           1  0.999000000000000     
         656           1  0.999000000000000     
         657           1  0.999000000000000     
         658           1  0.999000000000000     
         659           4   1.86300000000000     
         660           4   1.86300000000000     
         661           4   1.86300000000000     
         662           4   1.86300000000000     
         663           4   1.86300000000000     
         664           4   1.86300000000000     
         665           4   1.86300000000000     
         666           9  6.700000000000000E-002
         667          28   2.86600000000000     
         668          23   3.79900000000000     
         669          27   7.12600000000000     
         670          28   2.86600000000000     
         671           9  6.700000000000000E-002
         672          18   2.06400000000000     
         673           2  0.866000000000000     
         674           2  0.866000000000000     
         675           2  0.866000000000000     
         676           2  0.866000000000000     
         677           2  0.866000000000000     
         678           2  0.866000000000000     
         679           2  0.866000000000000     
         680           1  0.999000000000000     
         681           1  0.999000000000000     
         682           1  0.999000000000000     
         683           1  0.999000000000000     
         684           1  0.999000000000000     
         685           1  0.999000000000000     
         686           1  0.999000000000000     
         687           4   1.86300000000000     
         688           4   1.86300000000000     
         689           4   1.86300000000000     
         690           4   1.86300000000000     
         691           4   1.86300000000000     
         692           4   1.86300000000000     
         693           4   1.86300000000000     
         694           9  6.700000000000000E-002
         695          28   2.86600000000000     
         696          23   3.79900000000000     
         697          27   7.12600000000000     
         698          28   2.86600000000000     
         699           9  6.700000000000000E-002
         700          18   2.06400000000000     
         701           2  0.866000000000000     
         702           2  0.866000000000000     
         703           2  0.866000000000000     
         704           2  0.866000000000000     
         705           2  0.866000000000000     
         706           2  0.866000000000000     
         707           2  0.866000000000000     
         708           1  0.999000000000000     
         709           1  0.999000000000000     
         710           1  0.999000000000000     
         711           1  0.999000000000000     
         712           1  0.999000000000000     
         713           1  0.999000000000000     
         714           1  0.999000000000000     
         715           4   1.86300000000000     
         716           4   1.86300000000000     
         717           4   1.86300000000000     
         718           4   1.86300000000000     
         719           4   1.86300000000000     
         720           4   1.86300000000000     
         721           4   1.86300000000000     
         722           9  6.700000000000000E-002
         723          28   2.86600000000000     
         724          23   3.79900000000000     
         725          27   7.12600000000000     
         726          28   2.86600000000000     
         727           9  6.700000000000000E-002
         728          18   2.06400000000000     
         729           2  0.866000000000000     
         730           2  0.866000000000000     
         731           2  0.866000000000000     
         732           2  0.866000000000000     
         733           2  0.866000000000000     
         734           2  0.866000000000000     
         735           2  0.866000000000000     
         736           1  0.999000000000000     
         737           1  0.999000000000000     
         738           1  0.999000000000000     
         739           1  0.999000000000000     
         740           1  0.999000000000000     
         741           1  0.999000000000000     
         742           1  0.999000000000000     
         743           4   1.86300000000000     
         744           4   1.86300000000000     
         745           4   1.86300000000000     
         746           4   1.86300000000000     
         747           4   1.86300000000000     
         748           4   1.86300000000000     
         749           4   1.86300000000000     
         750           9  6.700000000000000E-002
         751          28   2.86600000000000     
         752          23   3.79900000000000     
         753          27   7.12600000000000     
         754          28   2.86600000000000     
         755           9  6.700000000000000E-002
         756          18   2.06400000000000     
         757           2  0.866000000000000     
         758           2  0.866000000000000     
         759           2  0.866000000000000     
         760           2  0.866000000000000     
         761           2  0.866000000000000     
         762           2  0.866000000000000     
         763           2  0.866000000000000     
         764           1  0.999000000000000     
         765           1  0.999000000000000     
         766           1  0.999000000000000     
         767           1  0.999000000000000     
         768           1  0.999000000000000     
         769           1  0.999000000000000     
         770           1  0.999000000000000     
         771           4   1.86300000000000     
         772           4   1.86300000000000     
         773           4   1.86300000000000     
         774           4   1.86300000000000     
         775           4   1.86300000000000     
         776           4   1.86300000000000     
         777           4   1.86300000000000     
         778           9  6.700000000000000E-002
         779          28   2.86600000000000     
         780          23   3.79900000000000     
         781          27   7.12600000000000     
         782          28   2.86600000000000     
         783           9  6.700000000000000E-002
         784          18   2.06400000000000     
         785           2  0.866000000000000     
         786           2  0.866000000000000     
         787           2  0.866000000000000     
         788           2  0.866000000000000     
         789           2  0.866000000000000     
         790           2  0.866000000000000     
         791           2  0.866000000000000     
         792           1  0.999000000000000     
         793           1  0.999000000000000     
         794           1  0.999000000000000     
         795           1  0.999000000000000     
         796           1  0.999000000000000     
         797           1  0.999000000000000     
         798           1  0.999000000000000     
         799           4   1.86300000000000     
         800           4   1.86300000000000     
         801           4   1.86300000000000     
         802           4   1.86300000000000     
         803           4   1.86300000000000     
         804           4   1.86300000000000     
         805           4   1.86300000000000     
         806           9  6.700000000000000E-002
         807          28   2.86600000000000     
         808          23   3.79900000000000     
         809          27   7.12600000000000     
         810          28   2.86600000000000     
         811           9  6.700000000000000E-002
         812          18   2.06400000000000     
         813           2  0.866000000000000     
         814           2  0.866000000000000     
         815           2  0.866000000000000     
         816           2  0.866000000000000     
         817           2  0.866000000000000     
         818           2  0.866000000000000     
         819           2  0.866000000000000     
         820           1  0.999000000000000     
         821           1  0.999000000000000     
         822           1  0.999000000000000     
         823           1  0.999000000000000     
         824           1  0.999000000000000     
         825           1  0.999000000000000     
         826           1  0.999000000000000     
         827           4   1.86300000000000     
         828           4   1.86300000000000     
         829           4   1.86300000000000     
         830           4   1.86300000000000     
         831           4   1.86300000000000     
         832           4   1.86300000000000     
         833           4   1.86300000000000     
         834           9  6.700000000000000E-002
         835          28   2.86600000000000     
         836          23   3.79900000000000     
         837          27   7.12600000000000     
         838          28   2.86600000000000     
         839           9  6.700000000000000E-002
         840          18   2.06400000000000     
         841           2  0.866000000000000     
         842           2  0.866000000000000     
         843           2  0.866000000000000     
         844           2  0.866000000000000     
         845           2  0.866000000000000     
         846           2  0.866000000000000     
         847           2  0.866000000000000     
         848           1  0.999000000000000     
         849           1  0.999000000000000     
         850           1  0.999000000000000     
         851           1  0.999000000000000     
         852           1  0.999000000000000     
         853           1  0.999000000000000     
         854           1  0.999000000000000     
         855           4   1.86300000000000     
         856           4   1.86300000000000     
         857           4   1.86300000000000     
         858           4   1.86300000000000     
         859           4   1.86300000000000     
         860           4   1.86300000000000     
         861           4   1.86300000000000     
         862           9  6.700000000000000E-002
         863          28   2.86600000000000     
         864          23   3.79900000000000     
         865          27   7.12600000000000     
         866          28   2.86600000000000     
         867           9  6.700000000000000E-002
         868          18   2.06400000000000     
         869           2  0.866000000000000     
         870           2  0.866000000000000     
         871           2  0.866000000000000     
         872           2  0.866000000000000     
         873           2  0.866000000000000     
         874           2  0.866000000000000     
         875           2  0.866000000000000     
         876           1  0.999000000000000     
         877           1  0.999000000000000     
         878           1  0.999000000000000     
         879           1  0.999000000000000     
         880           1  0.999000000000000     
         881           1  0.999000000000000     
         882           1  0.999000000000000     
         883           4   1.86300000000000     
         884           4   1.86300000000000     
         885           4   1.86300000000000     
         886           4   1.86300000000000     
         887           4   1.86300000000000     
         888           4   1.86300000000000     
         889           4   1.86300000000000     
         890           9  6.700000000000000E-002
         891          28   2.86600000000000     
         892          23   3.79900000000000     
         893          27   7.12600000000000     
         894          28   2.86600000000000     
         895           9  6.700000000000000E-002
         896          18   2.06400000000000     
         897           2  0.866000000000000     
         898           2  0.866000000000000     
         899           2  0.866000000000000     
         900           2  0.866000000000000     
         901           2  0.866000000000000     
         902           2  0.866000000000000     
         903           2  0.866000000000000     
         904           1  0.999000000000000     
         905           1  0.999000000000000     
         906           1  0.999000000000000     
         907           1  0.999000000000000     
         908           1  0.999000000000000     
         909           1  0.999000000000000     
         910           1  0.999000000000000     
         911           4   1.86300000000000     
         912           4   1.86300000000000     
         913           4   1.86300000000000     
         914           4   1.86300000000000     
         915           4   1.86300000000000     
         916           4   1.86300000000000     
         917           4   1.86300000000000     
         918           9  6.700000000000000E-002
         919          28   2.86600000000000     
         920          23   3.79900000000000     
         921          27   7.12600000000000     
         922          28   2.86600000000000     
         923           9  6.700000000000000E-002
         924          18   2.06400000000000     
         925           2  0.866000000000000     
         926           2  0.866000000000000     
         927           2  0.866000000000000     
         928           2  0.866000000000000     
         929           2  0.866000000000000     
         930           2  0.866000000000000     
         931           2  0.866000000000000     
         932           1  0.999000000000000     
         933           1  0.999000000000000     
         934           1  0.999000000000000     
         935           1  0.999000000000000     
         936           1  0.999000000000000     
         937           1  0.999000000000000     
         938           1  0.999000000000000     
         939           4   1.86300000000000     
         940           4   1.86300000000000     
         941           4   1.86300000000000     
         942           4   1.86300000000000     
         943           4   1.86300000000000     
         944           4   1.86300000000000     
         945           4   1.86300000000000     
         946           9  6.700000000000000E-002
         947          28   2.86600000000000     
         948          23   3.79900000000000     
         949          27   7.12600000000000     
         950          28   2.86600000000000     
         951           9  6.700000000000000E-002
         952          18   2.06400000000000     
         953           2  0.866000000000000     
         954           2  0.866000000000000     
         955           2  0.866000000000000     
         956           2  0.866000000000000     
         957           2  0.866000000000000     
         958           2  0.866000000000000     
         959           2  0.866000000000000     
         960           1  0.999000000000000     
         961           1  0.999000000000000     
         962           1  0.999000000000000     
         963           1  0.999000000000000     
         964           1  0.999000000000000     
         965           1  0.999000000000000     
         966           1  0.999000000000000     
         967           4   1.86300000000000     
         968           4   1.86300000000000     
         969           4   1.86300000000000     
         970           4   1.86300000000000     
         971           4   1.86300000000000     
         972           4   1.86300000000000     
         973           4   1.86300000000000     
         974           9  6.700000000000000E-002
         975          28   2.86600000000000     
         976          23   3.79900000000000     
         977          27   7.12600000000000     
         978          28   2.86600000000000     
         979           9  6.700000000000000E-002
         980          18   2.06400000000000     
         981           2  0.866000000000000     
         982           2  0.866000000000000     
         983           2  0.866000000000000     
         984           2  0.866000000000000     
         985           2  0.866000000000000     
         986           2  0.866000000000000     
         987           2  0.866000000000000     
         988           1  0.999000000000000     
         989           1  0.999000000000000     
         990           1  0.999000000000000     
         991           1  0.999000000000000     
         992           1  0.999000000000000     
         993           1  0.999000000000000     
         994           1  0.999000000000000     
         995           4   1.86300000000000     
         996           4   1.86300000000000     
         997           4   1.86300000000000     
         998           4   1.86300000000000     
         999           4   1.86300000000000     
        1000           4   1.86300000000000     
        1001           4   1.86300000000000     
        1002           9  6.700000000000000E-002
        1003          28   2.86600000000000     
        1004          23   3.79900000000000     
        1005          27   7.12600000000000     
        1006          28   2.86600000000000     
        1007           9  6.700000000000000E-002
        1008          18   2.06400000000000     
        1009           2  0.866000000000000     
        1010           2  0.866000000000000     
        1011           2  0.866000000000000     
        1012           2  0.866000000000000     
        1013           2  0.866000000000000     
        1014           2  0.866000000000000     
        1015           2  0.866000000000000     
        1016           1  0.999000000000000     
        1017           1  0.999000000000000     
        1018           1  0.999000000000000     
        1019           1  0.999000000000000     
        1020           1  0.999000000000000     
        1021           1  0.999000000000000     
        1022           1  0.999000000000000     
        1023           4   1.86300000000000     
        1024           4   1.86300000000000     
        1025           4   1.86300000000000     
        1026           4   1.86300000000000     
        1027           4   1.86300000000000     
        1028           4   1.86300000000000     
        1029           4   1.86300000000000     
        1030           9  6.700000000000000E-002
        1031          28   2.86600000000000     
        1032          23   3.79900000000000     
        1033          27   7.12600000000000     
        1034          28   2.86600000000000     
        1035           9  6.700000000000000E-002
        1036          18   2.06400000000000     
        1037           2  0.866000000000000     
        1038           2  0.866000000000000     
        1039           2  0.866000000000000     
        1040           2  0.866000000000000     
        1041           2  0.866000000000000     
        1042           2  0.866000000000000     
        1043           2  0.866000000000000     
        1044           1  0.999000000000000     
        1045           1  0.999000000000000     
        1046           1  0.999000000000000     
        1047           1  0.999000000000000     
        1048           1  0.999000000000000     
        1049           1  0.999000000000000     
        1050           1  0.999000000000000     
        1051           4   1.86300000000000     
        1052           4   1.86300000000000     
        1053           4   1.86300000000000     
        1054           4   1.86300000000000     
        1055           4   1.86300000000000     
        1056           4   1.86300000000000     
        1057           4   1.86300000000000     
        1058           9  6.700000000000000E-002
        1059          28   2.86600000000000     
        1060          23   3.79900000000000     
        1061          27   7.12600000000000     
        1062          28   2.86600000000000     
        1063           9  6.700000000000000E-002
        1064          18   2.06400000000000     
        1065           2  0.866000000000000     
        1066           2  0.866000000000000     
        1067           2  0.866000000000000     
        1068           2  0.866000000000000     
        1069           2  0.866000000000000     
        1070           2  0.866000000000000     
        1071           2  0.866000000000000     
        1072           1  0.999000000000000     
        1073           1  0.999000000000000     
        1074           1  0.999000000000000     
        1075           1  0.999000000000000     
        1076           1  0.999000000000000     
        1077           1  0.999000000000000     
        1078           1  0.999000000000000     
        1079           4   1.86300000000000     
        1080           4   1.86300000000000     
        1081           4   1.86300000000000     
        1082           4   1.86300000000000     
        1083           4   1.86300000000000     
        1084           4   1.86300000000000     
        1085           4   1.86300000000000     
        1086           9  6.700000000000000E-002
        1087          28   2.86600000000000     
        1088          23   3.79900000000000     
        1089          27   7.12600000000000     
        1090          28   2.86600000000000     
        1091           9  6.700000000000000E-002
        1092          18   2.06400000000000     
        1093           2  0.866000000000000     
        1094           2  0.866000000000000     
        1095           2  0.866000000000000     
        1096           2  0.866000000000000     
        1097           2  0.866000000000000     
        1098           2  0.866000000000000     
        1099           2  0.866000000000000     
        1100           1  0.999000000000000     
        1101           1  0.999000000000000     
        1102           1  0.999000000000000     
        1103           1  0.999000000000000     
        1104           1  0.999000000000000     
        1105           1  0.999000000000000     
        1106           1  0.999000000000000     
        1107           4   1.86300000000000     
        1108           4   1.86300000000000     
        1109           4   1.86300000000000     
        1110           4   1.86300000000000     
        1111           4   1.86300000000000     
        1112           4   1.86300000000000     
        1113           4   1.86300000000000     
        1114           9  6.700000000000000E-002
        1115          28   2.86600000000000     
        1116          23   3.79900000000000     
        1117          27   7.12600000000000     
        1118          28   2.86600000000000     
        1119           9  6.700000000000000E-002
        1120          18   2.06400000000000     
        1121           2  0.866000000000000     
        1122           2  0.866000000000000     
        1123           2  0.866000000000000     
        1124           2  0.866000000000000     
        1125           2  0.866000000000000     
        1126           2  0.866000000000000     
        1127           2  0.866000000000000     
        1128           1  0.999000000000000     
        1129           1  0.999000000000000     
        1130           1  0.999000000000000     
        1131           1  0.999000000000000     
        1132           1  0.999000000000000     
        1133           1  0.999000000000000     
        1134           1  0.999000000000000     
        1135           4   1.86300000000000     
        1136           4   1.86300000000000     
        1137           4   1.86300000000000     
        1138           4   1.86300000000000     
        1139           4   1.86300000000000     
        1140           4   1.86300000000000     
        1141           4   1.86300000000000     
        1142           9  6.700000000000000E-002
        1143          28   2.86600000000000     
        1144          23   3.79900000000000     
        1145          27   7.12600000000000     
        1146          28   2.86600000000000     
        1147           9  6.700000000000000E-002
        1148          18   2.06400000000000     
        1149           2  0.866000000000000     
        1150           2  0.866000000000000     
        1151           2  0.866000000000000     
        1152           2  0.866000000000000     
        1153           2  0.866000000000000     
        1154           2  0.866000000000000     
        1155           2  0.866000000000000     
        1156           1  0.999000000000000     
        1157           1  0.999000000000000     
        1158           1  0.999000000000000     
        1159           1  0.999000000000000     
        1160           1  0.999000000000000     
        1161           1  0.999000000000000     
        1162           1  0.999000000000000     
        1163           4   1.86300000000000     
        1164           4   1.86300000000000     
        1165           4   1.86300000000000     
        1166           4   1.86300000000000     
        1167           4   1.86300000000000     
        1168           4   1.86300000000000     
        1169           4   1.86300000000000     
        1170           9  6.700000000000000E-002
        1171          28   2.86600000000000     
        1172          23   3.79900000000000     
        1173          27   7.12600000000000     
        1174          28   2.86600000000000     
        1175           9  6.700000000000000E-002
        1176          18   2.06400000000000     
        1177           2  0.866000000000000     
        1178           2  0.866000000000000     
        1179           2  0.866000000000000     
        1180           2  0.866000000000000     
        1181           2  0.866000000000000     
        1182           2  0.866000000000000     
        1183           2  0.866000000000000     
        1184           1  0.999000000000000     
        1185           1  0.999000000000000     
        1186           1  0.999000000000000     
        1187           1  0.999000000000000     
        1188           1  0.999000000000000     
        1189           1  0.999000000000000     
        1190           1  0.999000000000000     
        1191           4   1.86300000000000     
        1192           4   1.86300000000000     
        1193           4   1.86300000000000     
        1194           4   1.86300000000000     
        1195           4   1.86300000000000     
        1196           4   1.86300000000000     
        1197           4   1.86300000000000     
        1198           9  6.700000000000000E-002
        1199          28   2.86600000000000     
        1200          23   3.79900000000000     
        1201          27   7.12600000000000     
        1202          28   2.86600000000000     
        1203           9  6.700000000000000E-002
        1204          18   2.06400000000000     
        1205           2  0.866000000000000     
        1206           2  0.866000000000000     
        1207           2  0.866000000000000     
        1208           2  0.866000000000000     
        1209           2  0.866000000000000     
        1210           2  0.866000000000000     
        1211           2  0.866000000000000     
        1212           1  0.999000000000000     
        1213           1  0.999000000000000     
        1214           1  0.999000000000000     
        1215           1  0.999000000000000     
        1216           1  0.999000000000000     
        1217           1  0.999000000000000     
        1218           1  0.999000000000000     
        1219           4   1.86300000000000     
        1220           4   1.86300000000000     
        1221           4   1.86300000000000     
        1222           4   1.86300000000000     
        1223           4   1.86300000000000     
        1224           4   1.86300000000000     
        1225           4   1.86300000000000     
        1226           9  6.700000000000000E-002
        1227          28   2.86600000000000     
        1228          23   3.79900000000000     
        1229          27   7.12600000000000     
        1230          28   2.86600000000000     
        1231           9  6.700000000000000E-002
        1232          18   2.06400000000000     
        1233           2  0.866000000000000     
        1234           2  0.866000000000000     
        1235           2  0.866000000000000     
        1236           2  0.866000000000000     
        1237           2  0.866000000000000     
        1238           2  0.866000000000000     
        1239           2  0.866000000000000     
        1240           1  0.999000000000000     
        1241           1  0.999000000000000     
        1242           1  0.999000000000000     
        1243           1  0.999000000000000     
        1244           1  0.999000000000000     
        1245           1  0.999000000000000     
        1246           1  0.999000000000000     
        1247           4   1.86300000000000     
        1248           4   1.86300000000000     
        1249           4   1.86300000000000     
        1250           4   1.86300000000000     
        1251           4   1.86300000000000     
        1252           4   1.86300000000000     
        1253           4   1.86300000000000     
        1254           9  6.700000000000000E-002
        1255          28   2.86600000000000     
        1256          23   3.79900000000000     
        1257          27   7.12600000000000     
        1258          28   2.86600000000000     
        1259           9  6.700000000000000E-002
        1260          18   2.06400000000000     
        1261           2  0.866000000000000     
        1262           2  0.866000000000000     
        1263           2  0.866000000000000     
        1264           2  0.866000000000000     
        1265           2  0.866000000000000     
        1266           2  0.866000000000000     
        1267           2  0.866000000000000     
        1268           1  0.999000000000000     
        1269           1  0.999000000000000     
        1270           1  0.999000000000000     
        1271           1  0.999000000000000     
        1272           1  0.999000000000000     
        1273           1  0.999000000000000     
        1274           1  0.999000000000000     
        1275           4   1.86300000000000     
        1276           4   1.86300000000000     
        1277           4   1.86300000000000     
        1278           4   1.86300000000000     
        1279           4   1.86300000000000     
        1280           4   1.86300000000000     
        1281           4   1.86300000000000     
        1282           9  6.700000000000000E-002
        1283          28   2.86600000000000     
        1284          23   3.79900000000000     
        1285          27   7.12600000000000     
        1286          28   2.86600000000000     
        1287           9  6.700000000000000E-002
        1288          18   2.06400000000000     
        1289           2  0.866000000000000     
        1290           2  0.866000000000000     
        1291           2  0.866000000000000     
        1292           2  0.866000000000000     
        1293           2  0.866000000000000     
        1294           2  0.866000000000000     
        1295           2  0.866000000000000     
        1296           1  0.999000000000000     
        1297           1  0.999000000000000     
        1298           1  0.999000000000000     
        1299           1  0.999000000000000     
        1300           1  0.999000000000000     
        1301           1  0.999000000000000     
        1302           1  0.999000000000000     
        1303           4   1.86300000000000     
        1304           4   1.86300000000000     
        1305           4   1.86300000000000     
        1306           4   1.86300000000000     
        1307           4   1.86300000000000     
        1308           4   1.86300000000000     
        1309           4   1.86300000000000     
        1310           9  6.700000000000000E-002
        1311          28   2.86600000000000     
        1312          23   3.79900000000000     
        1313          27   7.12600000000000     
        1314          28   2.86600000000000     
        1315           9  6.700000000000000E-002
        1316          18   2.06400000000000     
        1317           2  0.866000000000000     
        1318           2  0.866000000000000     
        1319           2  0.866000000000000     
        1320           2  0.866000000000000     
        1321           2  0.866000000000000     
        1322           2  0.866000000000000     
        1323           2  0.866000000000000     
        1324           1  0.999000000000000     
        1325           1  0.999000000000000     
        1326           1  0.999000000000000     
        1327           1  0.999000000000000     
        1328           1  0.999000000000000     
        1329           1  0.999000000000000     
        1330           1  0.999000000000000     
        1331           4   1.86300000000000     
        1332           4   1.86300000000000     
        1333           4   1.86300000000000     
        1334           4   1.86300000000000     
        1335           4   1.86300000000000     
        1336           4   1.86300000000000     
        1337           4   1.86300000000000     
        1338           9  6.700000000000000E-002
        1339          28   2.86600000000000     
        1340          23   3.79900000000000     
        1341          27   7.12600000000000     
        1342          28   2.86600000000000     
        1343           9  6.700000000000000E-002
        1344          18   2.06400000000000     
