           1   32.2914091238094     
           2   92.5078894222395     
           3   113.468128110210     
           4   129.961866600863     
           5   146.208329954267     
           6   158.357677443949     
           7   179.458218651284     
           8   191.003169790539     
           9   229.379680704203     
          10   236.459724420574     
          11   271.875141840060     
          12   294.341804048277     
          13   327.564437170612     
          14   349.767488816272     
          15   352.282931671992     
          16   368.619512006635     
          17   377.891706588186     
          18   384.191811839123     
          19   385.883368881687     
          20   396.141556309377     
          21   407.389148437680     
          23   412.325787867684     
          24   420.769653511304     
          25   421.871771146151     
          26   430.561141597548     
          28   441.765140183762     
          29   452.412159649956     
          30   475.652404969407     
          31   494.872091511635     
          32   521.386652311474     
          33   538.519887460842     
          34   575.672457425339     
          35   577.637591026230     
          36   603.420089761657     
          37   643.411972812195     
          38   648.285495725085     
          39   682.481816372296     
          40   696.077400712466     
          41   704.048867606654     
          42   709.608988744446     
          43   721.633067197941     
          44   732.314846389747     
          45   760.627582295499     
          46   770.172477080611     
          47   790.361266211831     
          48   813.481735807127     
          49   823.341354729945     
          51   832.462220655517     
          52   837.325010780657     
          53   841.697912280023     
          54   846.346888378761     
          56   850.633415937336     
          57   903.721176792067     
          58   914.194027594792     
          59   929.394805940743     
          60   949.760402086408     
          61   955.400833196717     
          62   979.490785124720     
          63   994.530015075453     
          64   996.786998731101     
          65   1017.69559427593     
          66   1059.40225169760     
          67   1072.56800882180     
          68   1078.35017431673     
          69   1096.11262134047     
          70   1105.95752367024     
          71   1122.14436419899     
          72   1129.16274421000     
          73   1146.76970529785     
          74   1155.37926009574     
          75   1180.12782984480     
          76   1208.52787729425     
          77   1221.94976091971     
          79   1228.42953975087     
          80   1238.01670779254     
          81   1243.41691016830     
          82   1257.98191518376     
          84   1278.07049998526     
          85   1305.38457662293     
          86   1321.80554948606     
          87   1354.94290603233     
          88   1393.05863740493     
          89   1407.11969473204     
          90   1430.92867550792     
          91   1449.86591436121     
          92   1473.63023811875     
          93   1486.92379329574     
          94   1493.37078128867     
          95   1512.86883362463     
          96   1543.60201937812     
          97   1551.68684757697     
          98   1561.97279083284     
          99   1594.54280687809     
         100   1604.91115064334     
         101   1620.19531514278     
         102   1626.19474887274     
         103   1640.24269838880     
         104   1656.75349246134     
         105   1661.87943236134     
         107   1663.00760919892     
         108   1669.92535591928     
         109   1674.08960237973     
         110   1681.49009943422     
         112   1685.75828940694     
         113   1692.05200707764     
         114   1713.50297412564     
         115   1723.04180064118     
         116   1743.93618816650     
         117   1774.23564750962     
         118   1806.95886952672     
         119   1826.96753460054     
         120   1855.20456378386     
         121   1863.05685259423     
         122   1872.61437457417     
         123   1878.97089314147     
         124   1914.40505618161     
         125   1944.08759606162     
         126   1970.04176054233     
         127   1975.72004055637     
         128   1983.39872789562     
         129   2003.41809121172     
         130   2023.13801547587     
         131   2036.73615623137     
         132   2039.77541879231     
         133   2050.69243261230     
         135   2056.74567338206     
         136   2063.80470710988     
         137   2067.11233757412     
         138   2078.25053481145     
         140   2094.31384657223     
         141   2126.09646585188     
         142   2148.25928292632     
         143   2153.55814247065     
         144   2172.20711283838     
         145   2219.01665403081     
         146   2260.32193306332     
         147   2261.83744500709     
         148   2262.50439172980     
         149   2277.01589903144     
         150   2342.10033245194     
         151   2379.62882313273     
         152   2443.45068682152     
         153   2513.74967834566     
         154   2524.37194862906     
         155   2563.02454202130     
         156   2567.15484076054     
         157   2572.37547728187     
         158   2583.00592199609     
         159   2594.16974299930     
         160   2605.69036360995     
         161   2606.29034453839     
         163   2610.23870048344     
         164   2616.12591409222     
         165   2617.26917471035     
         166   2626.70463954213     
         168   2642.36711037622     
         169   2652.47238416768     
         170   2685.62492548310     
         171   2727.24227489936     
         172   2771.17957462661     
         173   2799.53863374630     
         174   2826.70080008747     
         175   2846.58174010844     
         176   2854.83160370931     
         177   2885.58345076720     
         178   2915.76361728064     
         179   2946.75102171406     
         180   2963.91089982158     
         181   2987.51763547879     
         182   3008.90621468646     
         183   3021.55580625892     
         184   3030.73033359200     
         185   3038.45072042967     
         186   3044.15243207802     
         187   3060.83979956087     
         188   3078.69749841332     
         189   3106.32894313846     
         191   3114.55057554815     
         192   3127.82447875601     
         193   3129.72111876287     
         194   3138.96725800187     
         196   3143.58705356049     
         197   3159.79272148563     
         198   3160.24253344291     
         199   3166.69626780792     
         200   3192.68461022801     
         201   3209.85502857234     
         202   3221.36240281482     
         203   3239.73050111603     
         204   3261.84819327513     
         205   3295.96672683034     
         206   3314.57200822731     
         207   3333.15116679468     
         208   3344.26763343055     
         209   3348.76577330227     
         210   3356.71264335321     
         211   3378.01631411729     
         212   3390.12941205915     
         213   3401.75822164283     
         214   3404.20108189119     
         215   3412.88903823963     
         216   3440.48889135977     
         217   3456.51040451889     
         219   3480.70560928626     
         220   3486.27080903781     
         221   3490.43930745094     
         222   3512.92661887994     
         224   3547.45028272098     
         225   3568.03471601515     
         226   3578.38303424949     
         227   3592.93327715795     
         228   3628.46194310550     
         229   3680.24703823842     
         230   3732.95368830372     
         231   3754.25670037569     
         232   3759.41991018556     
         233   3764.97410055422     
         234   3789.95392766925     
         235   3802.92775017317     
         236   3851.23171353272     
         237   3869.49552489325     
         238   3880.47637247023     
         239   3883.85535460687     
         240   3887.30579273260     
         241   3905.32950436801     
         242   3910.63879605795     
         243   3923.71589204148     
         244   3935.39712286511     
         245   3942.33013643945     
         247   3965.60688887665     
         248   3968.69647272217     
         249   3969.44144480755     
         250   3986.47564852725     
         252   3993.11538723951     
         253   4048.48432428065     
         254   4079.94204281304     
         255   4099.93968122731     
         256   4141.20294112404     
         257   4197.34732371256     
         258   4225.90468973867     
         259   4296.98126678466     
         260   4309.90662704390     
         261   4338.00319664986     
         262   4366.64022495663     
         263   4373.01131785465     
         264   4373.40098784053     
         265   4379.49803059261     
         266   4388.05443569620     
         267   4390.23949360473     
         268   4415.28842407545     
         269   4430.65061127250     
         270   4436.13053048530     
         271   4455.05345329514     
         272   4456.09349594974     
         273   4457.89883155120     
         275   4463.06478976333     
         276   4470.97244948123     
         277   4472.43798924642     
         278   4475.15859385202     
         280   4479.39874730753     
         281   4507.39380817881     
         282   4514.16641996757     
         283   4536.67002027434     
         284   4549.21527091946     
         285   4560.50018979853     
         286   4579.75085087904     
         287   4615.80184186145     
         288   4647.23871761088     
         289   4650.10634674663     
         290   4684.21176612568     
         291   4703.91624121928     
         292   4736.52717746839     
         293   4755.52846818923     
         294   4780.31501738571     
         295   4798.89493539597     
         296   4806.14178950378     
         297   4815.96008876334     
         298   4834.37720893254     
         299   4851.99096013701     
         300   4861.47878657467     
         301   4866.80606034652     
         303   4879.19128277832     
         304   4889.61821300119     
         305   4890.67425957461     
         306   4907.65181335096     
         308   4908.44196845138     
         309   4943.80555669577     
         310   5003.86405091086     
         311   5029.31699086441     
         312   5074.59060231506     
         313   5111.67629552733     
         314   5127.62626847853     
         315   5132.94892298765     
         316   5164.59020795171     
         317   5237.44771430528     
         318   5264.13611037530     
         319   5273.35243637570     
         320   5277.24087742182     
         321   5287.96003563809     
         322   5329.50243519104     
         323   5340.76885263707     
         324   5350.10860187489     
         325   5368.93242942725     
         326   5370.06534926061     
         327   5389.67659272726     
         328   5391.56333981241     
         329   5418.82440453258     
         331   5431.32576639204     
         332   5432.24796291743     
         333   5435.29660323922     
         334   5441.81399777844     
         336   5444.23777886530     
         337   5447.87303982290     
         338   5485.96637367879     
         339   5493.06158843740     
         340   5527.11467090454     
         341   5534.21586603017     
         342   5549.91360637683     
         343   5555.14310551093     
         344   5596.70895245312     
         345   5601.11018417655     
         346   5613.93490769355     
         347   5631.21940918014     
         348   5657.62921762392     
         349   5658.99459024986     
         350   5673.19831580147     
         351   5690.74709366801     
         352   5699.88644505137     
         353   5719.26587023575     
         354   5722.09628703876     
         355   5744.66653830326     
         356   5748.60360321732     
         357   5750.11420883550     
         359   5757.49529416681     
         360   5771.89568889261     
         361   5772.49665412601     
         362   5790.91311207909     
         364   5812.17779935098     
         365   5850.76270347512     
         366   5890.83828617672     
         367   5911.47513702158     
         368   5924.28820281187     
         369   5961.08510182059     
         370   6008.98371875972     
         371   6047.24045297255     
         372   6081.41519992681     
         373   6083.58073104338     
         374   6125.58871321879     
         375   6158.30385035303     
         376   6180.26609980900     
         377   6211.28982525408     
         378   6238.90665551408     
         379   6262.05010444680     
         380   6276.53287319349     
         381   6283.23185386152     
         382   6307.48711353391     
         383   6308.75213064488     
         384   6313.16510006024     
         385   6329.08708049138     
         387   6334.15689749523     
         388   6335.95197571597     
         389   6338.97612070717     
         390   6341.90800391421     
         392   6352.77491926864     
         393   6386.81063234356     
         394   6428.53267364388     
         395   6440.12418119543     
         396   6445.95461647790     
         397   6469.41783136051     
         398   6481.68458587109     
         399   6502.03910858589     
         400   6516.80341932850     
         401   6556.82606290181     
         402   6566.91886065247     
         403   6599.32336539624     
         404   6606.99904209664     
         405   6631.79802303480     
         406   6654.44674870488     
         407   6674.72745051967     
         408   6701.07033705945     
         409   6703.57742243081     
         410   6712.97538589617     
         411   6721.81081930282     
         412   6727.78404656297     
         413   6771.05272325676     
         415   6784.68178569076     
         416   6796.46021212979     
         417   6802.34995532564     
         418   6804.77221676877     
         420   6809.60052817281     
         421   6860.08525648141     
         422   6895.73793299882     
         423   6907.16219431410     
         424   6946.91481989596     
         425   6970.95878846158     
         426   7003.94733465294     
         427   7014.12719673628     
         428   7018.14495955900     
         429   7045.74099846124     
         430   7060.23183521312     
         431   7079.52289943725     
         432   7086.14580993838     
         433   7105.54961634839     
         434   7110.54662585588     
         435   7137.90870888212     
         436   7161.02434671289     
         437   7179.69909662461     
         438   7194.37327409531     
         439   7197.39566217873     
         440   7221.90396907723     
         441   7243.46784886606     
         443   7248.74691188444     
         444   7259.13076601034     
         445   7261.30049359399     
         446   7269.92678261182     
         448   7271.29712065249     
         449   7285.05936086973     
         450   7311.05857187113     
         451   7324.24972226788     
         452   7348.51204274369     
         453   7359.96965843511     
         454   7374.76169821742     
         455   7385.45753145423     
         456   7391.83245921287     
         457   7417.39554969078     
         458   7459.69462741374     
         459   7471.26771280533     
         460   7490.30989691318     
         461   7522.30569059982     
         462   7579.11336009625     
         463   7588.69855926099     
         464   7601.46021649673     
         465   7605.37905950581     
         466   7612.86392438720     
         467   7624.86376599778     
         468   7647.35073699553     
         469   7670.15267499604     
         471   7673.20062503656     
         472   7675.67078357811     
         473   7681.50863472872     
         474   7688.18718285935     
         476   7694.34101077670     
         477   7719.42694622145     
         478   7763.67325975271     
         479   7790.86033010005     
         480   7806.36257706529     
         481   7827.67585513748     
         482   7832.16314147792     
         483   7877.44431641982     
         484   7889.71336800552     
         485   7903.57003632987     
         486   7909.68261572288     
         487   7935.69743431308     
         488   7985.13171314596     
         489   8022.78022345817     
         490   8057.62973696975     
         491   8061.45797540539     
         492   8064.76128334526     
         493   8086.03791285271     
         494   8099.06792902921     
         495   8120.70479459124     
         496   8132.88053134444     
         497   8138.49522653227     
         499   8139.39224338752     
         500   8154.14039227714     
         501   8157.72993608596     
         502   8164.52084838401     
         504   8187.22770455688     
         505   8248.26007620396     
         506   8292.69248065013     
         507   8333.51869762653     
         508   8340.76919981841     
         509   8359.96585327473     
         510   8436.51997385142     
         511   8489.27106595886     
         512   8493.00427875323     
         513   8499.99801924162     
         514   8549.56464199865     
         515   8578.02771067422     
         516   8618.52401653248     
         517   8634.20355768390     
         518   8670.34008561642     
         519   8682.76766008466     
         520   8689.41875808737     
         521   8708.82952719256     
         522   8711.64576130482     
         523   8714.18483324768     
         524   8728.77403754467     
         525   8742.37767718206     
         527   8748.34838276705     
         528   8750.27284221617     
         529   8751.38889698660     
         530   8760.74154587724     
         532   8774.83667144617     
         533   8807.95611568042     
         534   8833.85984526751     
         535   8860.08504659438     
         536   8897.61338465602     
         537   8911.55540344706     
         538   8936.88166296635     
         539   8943.70487644545     
         540   8946.40937781140     
         541   8960.17287602907     
         542   9002.71497459770     
         543   9023.22275168451     
         544   9045.05091535659     
         545   9054.67757190047     
         546   9079.00309167544     
         547   9084.84295662871     
         548   9099.55339415448     
         549   9114.04635621349     
         550   9120.86746934771     
         551   9149.21059662765     
         552   9162.69535675742     
         553   9172.19408296346     
         555   9173.19297938404     
         556   9180.33711811695     
         557   9188.75320053745     
         558   9207.03240018748     
         560   9219.34688566594     
         561   9249.00025520629     
         562   9269.79662651799     
         563   9275.98707692878     
         564   9280.25381842665     
         565   9280.88475240476     
         566   9312.85446774020     
         567   9371.45966617435     
         568   9395.92215436187     
         569   9414.84229649098     
         570   9436.77658503190     
         571   9447.54066904892     
         572   9447.56162038847     
         573   9480.54047644132     
         574   9485.62770866875     
         575   9489.74699470615     
         576   9494.01871537754     
         577   9497.19508965921     
         578   9506.88869334652     
         579   9511.76512343617     
         580   9524.68497443264     
         581   9546.46642845193     
         583   9561.73657504169     
         584   9562.85082754517     
         585   9564.71487950358     
         586   9575.20525363828     
         588   9575.53085178227     
         589   9631.31413104271     
         590   9651.44845300899     
         591   9674.30034004885     
         592   9697.27566142703     
         593   9716.02496464725     
         594   9724.07768226361     
         595   9750.39138444560     
         596   9802.08580220569     
         597   9832.10745926217     
         598   9838.26326900356     
         599   9850.37785254634     
         600   9856.56738782407     
         601   9857.40790113065     
         602   9893.43829125905     
         603   9907.85441277330     
         604   9914.24319583800     
         605   9936.64109268195     
         606   9949.43063924229     
         607   9953.27706558536     
         608   9968.44622193375     
         609   10001.5443320217     
         611   10007.4580702212     
         612   10022.8060399054     
         613   10024.0024229705     
         614   10026.7244276834     
         616   10040.0887374116     
         617   10075.5057589167     
         618   10097.7681538292     
         619   10141.7290003742     
         620   10164.9475150474     
         621   10185.5003628192     
         622   10269.0293427635     
         623   10312.5568096912     
         624   10330.2223780361     
         625   10385.1006936150     
         626   10428.4417780112     
         627   10463.2806494689     
         628   10524.8173319782     
         629   10533.9003879341     
         630   10555.5538516577     
         631   10556.2664836953     
         632   10562.7435021375     
         633   10580.1080044808     
         634   10587.0253120835     
         635   10595.7569181586     
         636   10620.0152605386     
         637   10629.2718802505     
         639   10634.3148375474     
         640   10638.7592377864     
         641   10649.3457080518     
         642   10652.5808937566     
         644   10655.0587038921     
         645   10706.1094122114     
         646   10712.7438686759     
         647   10736.1060772555     
         648   10751.6699160562     
         649   10823.3441442994     
         650   10856.2930547144     
         651   10899.2783348215     
         652   10925.1825657152     
         653   10959.8845447606     
         654   10965.5029809797     
         655   10995.4909093416     
         656   11026.9532367652     
         657   11035.5554888889     
         658   11112.8578128843     
         659   11133.0692451301     
         660   11148.9481431485     
         661   11161.1770908586     
         662   11164.0414988978     
         663   11176.4029064131     
         664   11210.8365921501     
         665   11232.4527257200     
         667   11234.8328108134     
         668   11237.2989731510     
         669   11238.0954038710     
         670   11240.7521482986     
         672   11263.6820014308     
         673   11267.8815727453     
         674   11305.4852858524     
         675   11310.6663599647     
         676   11327.5215311513     
         677   11329.2265618440     
         678   11368.8705526216     
         679   11406.9340620011     
         680   11408.4759302344     
         681   11409.8746457652     
         682   11429.8787159974     
         683   11450.1930193829     
         684   11473.4812611709     
         685   11486.2168425686     
         686   11505.1544368399     
         687   11525.7976746503     
         688   11534.6332005691     
         689   11553.2741231946     
         690   11560.5907870621     
         691   11566.3993141938     
         692   11590.4382603975     
         693   11601.4335527449     
         695   11604.3252976035     
         696   11612.4783911508     
         697   11614.2830413550     
         698   11617.0997647937     
         700   11625.4773246456     
         701   11636.3036031859     
         702   11676.4225102470     
         703   11687.2897798435     
         704   11701.7614856244     
         705   11707.9903825765     
         706   11733.4298755655     
         707   11754.4066047809     
         708   11790.2219837965     
         709   11795.7784078948     
         710   11800.7245684658     
         711   11814.9018429457     
         712   11843.6379269948     
         713   11876.5445552157     
         714   11883.1513543105     
         715   11885.0312705972     
         716   11888.9069873226     
         717   11912.0673906699     
         718   11930.8067625870     
         719   11941.5649461917     
         720   11957.1885861954     
         721   11970.3372708302     
         723   11973.9257856826     
         724   11977.1603830372     
         725   11979.5617969037     
         726   11988.4921678500     
         728   11991.0007523426     
         729   12034.4519323197     
         730   12102.4196564737     
         731   12148.6631162695     
         732   12165.2843239972     
         733   12254.0228911767     
         734   12272.4022134077     
         735   12327.4566780886     
         736   12340.1179279401     
         737   12388.6698001076     
         738   12416.3677162059     
         739   12428.4905626738     
         740   12460.3246770130     
         741   12490.6063406836     
         742   12496.5254068630     
         743   12499.3514855206     
         744   12508.3198097575     
         745   12514.2712790295     
         746   12534.4844489580     
         747   12534.6330796973     
         748   12563.2216908582     
         749   12569.6086923107     
         751   12585.1622549473     
         752   12590.1299781585     
         753   12592.9723816351     
         754   12605.4437271946     
         756   12619.9731180051     
         757   12640.2384759576     
         758   12659.4075119275     
         759   12688.9223081260     
         760   12737.1319420211     
         761   12754.3334793341     
         762   12764.8880949205     
         763   12806.6104142248     
         764   12823.5750532713     
         765   12846.3304820521     
         766   12874.6778009693     
         767   12908.8939627679     
         768   12966.9062494612     
         769   12976.9895968532     
         770   12994.7026081205     
         771   12999.3669514900     
         772   13011.6987962737     
         773   13020.0791602872     
         774   13026.8698434591     
         775   13041.0277552471     
         776   13046.6731045295     
         777   13053.4438116273     
         779   13074.0024917079     
         780   13075.4757688838     
         781   13075.9279224582     
         782   13084.9874941113     
         784   13094.2305506331     
         785   13132.1673839536     
         786   13210.9527515545     
         787   13231.7974745187     
         788   13275.6744336767     
         789   13287.9570345646     
         790   13319.4472472624     
         791   13351.7833895516     
         792   13365.6517159348     
         793   13384.7270951468     
         794   13398.0424144050     
         795   13433.0393531934     
         796   13450.9251464155     
         797   13458.4767545024     
         798   13472.3960534712     
         799   13487.9944633392     
         800   13506.7287854659     
         801   13551.6325599992     
         802   13565.6692816737     
         803   13570.1510033706     
         804   13596.4908502724     
         805   13607.2626385805     
         807   13607.9669586981     
         808   13610.9253517109     
         809   13614.9645656327     
         810   13624.5744764973     
         812   13636.2259463399     
         813   13658.6821692936     
         814   13665.1967221882     
         815   13670.2358328278     
         816   13709.6840164630     
         817   13760.2612262968     
         818   13784.7683487580     
         819   13803.6127539197     
         820   13825.7028348824     
         821   13859.8621047780     
         822   13876.0381666489     
         823   13926.3188126301     
         824   13966.2749187484     
         825   13979.7206319503     
         826   14040.2831325119     
         827   14076.3953005575     
         828   14086.3856484930     
         829   14091.2973456958     
         830   14105.1585654817     
         831   14117.0678049854     
         832   14147.0046219381     
         833   14157.3940199668     
         835   14174.6820190877     
         836   14178.9736798735     
         837   14179.6648713993     
         838   14188.5193485453     
         840   14190.1039758347     
         841   14211.1254992597     
         842   14233.2328569607     
         843   14246.1355034855     
         844   14297.6216542331     
         845   14300.1312664260     
         846   14312.5321780362     
         847   14343.6867903669     
         848   14347.4829133370     
         849   14382.6710158850     
         850   14415.2112498197     
         851   14422.5548758232     
         852   14434.9331502962     
         853   14446.7187187745     
         854   14457.7028665138     
         855   14471.2712845344     
         856   14471.5105367323     
         857   14490.2534490107     
         858   14497.2668189193     
         859   14514.8329097666     
         860   14524.8953072667     
         861   14528.6716019915     
         863   14531.5122726194     
         864   14531.9661499947     
         865   14536.2032999919     
         866   14539.9283698413     
         868   14550.0521540981     
         869   14557.8903033540     
         870   14571.0861113041     
         871   14587.9143394356     
         872   14600.1740879733     
         873   14607.9879396746     
         874   14634.9917197289     
         875   14650.0118993409     
         876   14667.2658519090     
         877   14681.3522974804     
         878   14701.2730422883     
         879   14705.1903433813     
         880   14724.4346859869     
         881   14766.1991537502     
         882   14787.8022062080     
         883   14798.9460604118     
         884   14813.3673754479     
         885   14824.9148061046     
         886   14829.0204141321     
         887   14848.2195179727     
         888   14851.1139498811     
         889   14854.6940420805     
         891   14856.1138653419     
         892   14859.8595778691     
         893   14863.9400571040     
         894   14872.1210308501     
         896   14876.6201453914     
         897   14887.4838460725     
         898   14941.4311595814     
         899   14977.0517375667     
         900   15062.4649449986     
         901   15104.4018695405     
         902   15121.6030491784     
         903   15126.7301491091     
         904   15135.1805847515     
         905   15180.1529503461     
         906   15207.3031048319     
         907   15245.0540576320     
         908   15253.9188547516     
         909   15261.9884077565     
         910   15280.1757823833     
         911   15319.6461761870     
         912   15323.4982270284     
         913   15326.8472338939     
         914   15347.7506236352     
         915   15363.3363274468     
         916   15380.4950276564     
         917   15390.0183803780     
         919   15395.7503397133     
         920   15400.9425210337     
         921   15405.2302656398     
         922   15418.5272717035     
         924   15438.3900934086     
         925   15491.1086541719     
         926   15512.1098879828     
         927   15539.5755494945     
         928   15563.5277746639     
         929   15614.3347303287     
         930   15682.1097110378     
         931   15709.0248341037     
         932   15743.8610828099     
         933   15782.9205373162     
         934   15795.7396921891     
         935   15814.5974519345     
         936   15827.9801190553     
         937   15861.8209986254     
         938   15873.5690639964     
         939   15887.2704967929     
         940   15913.1061791925     
         941   15925.5695141169     
         942   15942.0886507068     
         943   15944.1654345788     
         944   15960.4994591265     
         945   15963.0106172646     
         947   15965.2400473079     
         948   15975.2654863214     
         949   15979.7213205032     
         950   15986.5516940481     
         952   15999.7323324939     
         953   16017.5241072141     
         954   16052.3588258345     
         955   16058.5006037783     
         956   16069.6682383852     
         957   16094.7963385326     
         958   16113.9584978968     
         959   16167.6541729855     
         960   16186.6958127581     
         961   16193.8064500525     
         962   16197.8325675092     
         963   16207.7986203549     
         964   16227.1131772137     
         965   16260.7754100987     
         966   16264.8597088367     
         967   16281.4165312444     
         968   16297.7855095373     
         969   16306.2207779154     
         970   16309.2003533437     
         971   16316.2170400860     
         972   16325.0431854745     
         973   16340.9563435739     
         975   16349.4051453549     
         976   16357.5916890118     
         977   16361.8342232217     
         978   16368.2833922962     
         980   16381.3805156234     
         981   16403.2031821017     
         982   16417.7530458565     
         983   16429.7322606452     
         984   16441.4137737865     
         985   16472.1834185108     
         986   16492.9542221763     
         987   16504.4446109181     
         988   16513.0814740473     
         989   16556.8632550386     
         990   16577.1117177955     
         991   16585.2244545374     
         992   16609.2035873525     
         993   16637.3990717152     
         994   16645.1970563903     
         995   16651.6445550479     
         996   16677.2620412517     
         997   16678.7556965771     
         998   16683.1756018161     
         999   16711.0403326334     
        1000   16712.9099495272     
        1001   16721.4605415136     
        1003   16723.4753159291     
        1004   16724.1364374335     
        1005   16727.5888211894     
        1006   16742.6267425069     
        1008   16765.2829169608     
        1009   16799.0012482678     
        1010   16817.9554327198     
        1011   16841.2366287235     
        1012   16855.0624782340     
        1013   16892.7833032191     
        1014   16918.0470799500     
        1015   16957.0413112235     
        1016   16977.2819730503     
        1017   16983.3548151255     
        1018   16996.3019947300     
        1019   17001.2798013256     
        1020   17059.3071627916     
        1021   17067.9300572813     
        1022   17094.5138190006     
        1023   17101.7308783323     
        1024   17125.0943029824     
        1025   17131.4344196836     
        1026   17142.9653486397     
        1027   17152.9701029634     
        1028   17173.2327240651     
        1029   17182.7126850530     
        1031   17194.4474304275     
        1032   17195.8987193894     
        1033   17198.3721012558     
        1034   17204.6524417571     
        1036   17212.8863285589     
        1037   17243.3093652607     
        1038   17260.7092579703     
        1039   17271.5855829150     
        1040   17277.0484066701     
        1041   17295.3110180287     
        1042   17334.7871672357     
        1043   17345.2241027157     
        1044   17363.4934060505     
        1045   17407.7122708394     
        1046   17415.1965519908     
        1047   17447.4968084198     
        1048   17470.2235102310     
        1049   17486.6811403564     
        1050   17493.4596228062     
        1051   17501.2868236928     
        1052   17512.3105194088     
        1053   17537.9720480970     
        1054   17563.6771265933     
        1055   17580.0858509534     
        1056   17592.6458997608     
        1057   17595.6447461351     
        1059   17605.7965588375     
        1060   17612.9681611186     
        1061   17613.6166602201     
        1062   17629.3997617143     
        1064   17645.2280842116     
        1065   17713.0103766278     
        1066   17735.0018627665     
        1067   17745.5981629612     
        1068   17747.4108083812     
        1069   17760.7168666349     
        1070   17767.2821259749     
        1071   17781.0503463739     
        1072   17794.2709455274     
        1073   17818.4398724032     
        1074   17865.5148536746     
        1075   17896.4356460782     
        1076   17914.4733041774     
        1077   17944.2193518016     
        1078   17952.4220414371     
        1079   17953.5233272303     
        1080   17970.5899508698     
        1081   17974.9036930103     
        1082   17986.4149242547     
        1083   18006.4302850288     
        1084   18019.7644681502     
        1085   18053.4996717412     
        1087   18055.1249656869     
        1088   18063.3801133347     
        1089   18063.8475039764     
        1090   18076.9587667693     
        1092   18081.1984139965     
        1093   18116.2739357596     
        1094   18188.2162893760     
        1095   18215.1412805055     
        1096   18242.9952000802     
        1097   18249.0473144435     
        1098   18269.3143879355     
        1099   18304.1057727926     
        1100   18352.6280429704     
        1101   18391.2099444689     
        1102   18392.0841953687     
        1103   18427.1729877824     
        1104   18463.1124597042     
        1105   18472.1210305623     
        1106   18503.5020355738     
        1107   18515.2020822203     
        1108   18534.2721389415     
        1109   18561.5667076306     
        1110   18581.9748149881     
        1111   18587.5876750939     
        1112   18595.8362672096     
        1113   18613.5947034900     
        1115   18631.8922371949     
        1116   18633.5818092186     
        1117   18634.5271797721     
        1118   18646.9908509757     
        1120   18670.1935001724     
        1121   18677.0981992454     
        1122   18683.4793373848     
        1123   18700.2637632656     
        1124   18714.6333993793     
        1125   18755.9710023667     
        1126   18791.3696731996     
        1127   18827.4841045463     
        1128   18846.4562260885     
        1129   18861.4300987031     
        1130   18880.2202666450     
        1131   18944.5684869358     
        1132   18965.8105563727     
        1133   19007.2778601229     
        1134   19032.0069133580     
        1135   19046.2690602036     
        1136   19059.1032690822     
        1137   19062.1342589436     
        1138   19067.7296039898     
        1139   19074.1032364681     
        1140   19085.4707591378     
        1141   19096.2606513346     
        1143   19111.8633307094     
        1144   19120.2487289205     
        1145   19122.5276264945     
        1146   19131.0350209939     
        1148   19132.6523891146     
        1149   19141.7125131483     
        1150   19167.3655070259     
        1151   19188.2374747172     
        1152   19221.2827954350     
        1153   19243.8328674902     
        1154   19294.3742931847     
        1155   19314.0282849876     
        1156   19330.5695201144     
        1157   19337.1282574048     
        1158   19347.7143407315     
        1159   19365.4226572680     
        1160   19393.3704962271     
        1161   19402.1332322525     
        1162   19423.0749136045     
        1163   19432.1986988401     
        1164   19439.3301182950     
        1165   19465.5886936714     
        1166   19483.1301780283     
        1167   19497.2285791969     
        1168   19510.1386733765     
        1169   19524.0114452006     
        1171   19534.8418436208     
        1172   19536.5962343792     
        1173   19543.2521024587     
        1174   19549.8273024750     
        1176   19572.6963335013     
        1177   19584.1822571655     
        1178   19588.1761652452     
        1179   19611.0607704427     
        1180   19622.8526498736     
        1181   19654.4650613431     
        1182   19678.2717944656     
        1183   19700.1810758522     
        1184   19717.5058346649     
        1185   19718.2840735626     
        1186   19724.8001955850     
        1187   19728.9424665031     
        1188   19743.4848963115     
        1189   19774.4716759657     
        1190   19797.1090741717     
        1191   19801.6716184731     
        1192   19817.9578608278     
        1193   19820.1406185004     
        1194   19825.6971579172     
        1195   19832.2045237100     
        1196   19840.4090278031     
        1197   19852.2106357073     
        1199   19856.8389383332     
        1200   19867.5031132251     
        1201   19878.0757611655     
        1202   19882.9714808635     
        1204   19896.0723095690     
        1205   19915.6842457000     
        1206   19950.6522312404     
        1207   19982.7282757835     
        1208   19993.4543127653     
        1209   20022.3399304819     
        1210   20025.7513327735     
        1211   20071.8078187441     
        1212   20085.4732336970     
        1213   20118.7858639808     
        1214   20148.0344394648     
        1215   20176.9097334495     
        1216   20192.9746633744     
        1217   20210.5758620559     
        1218   20238.7507430981     
        1219   20259.6095629294     
        1220   20270.4389301109     
        1221   20271.5079793340     
        1222   20290.5014854333     
        1223   20317.2416035923     
        1224   20328.8858726042     
        1225   20345.4330252048     
        1227   20347.6798663746     
        1228   20349.0622560122     
        1229   20357.3334311368     
        1230   20361.4546975284     
        1232   20377.5763524657     
        1233   20399.2448491934     
        1234   20425.2016080100     
        1235   20458.5945583067     
        1236   20473.8181785929     
        1237   20496.5267168338     
        1238   20506.4960234343     
        1239   20556.1389486792     
        1240   20567.4847553208     
        1241   20607.2844208383     
        1242   20642.6860797212     
        1243   20646.5738469698     
        1244   20664.4922760013     
        1245   20694.5196072057     
        1246   20699.5865698445     
        1247   20706.9637671923     
        1248   20724.9219889301     
        1249   20745.9409678914     
        1250   20747.9868775723     
        1251   20759.9714002892     
        1252   20791.3281110667     
        1253   20806.0550162979     
        1255   20810.9719103810     
        1256   20816.9471230464     
        1257   20820.3058495204     
        1258   20836.5853873389     
        1260   20841.0169904089     
        1261   20862.9342821086     
        1262   20902.2183032431     
        1263   20927.6267816547     
        1264   20979.5887986527     
        1265   20993.5208067804     
        1266   21019.5236059211     
        1267   21047.6215162720     
        1268   21072.3168099851     
        1269   21107.0403088790     
        1270   21151.5884656110     
        1271   21168.5042986025     
        1272   21174.4641644669     
        1273   21212.9315143783     
        1274   21232.1968479259     
        1275   21242.4220040148     
        1276   21246.4168279378     
        1277   21253.3671129354     
        1278   21276.5925685139     
        1279   21285.3920903525     
        1280   21297.5875793937     
        1281   21306.6984258493     
        1283   21313.0526811506     
        1284   21315.7870133413     
        1285   21317.6212154332     
        1286   21320.9911277571     
        1288   21327.4845011152     
        1289   21348.4262305237     
        1290   21363.7043053026     
        1291   21421.8863507759     
        1292   21427.8188994097     
        1293   21454.7372274817     
        1294   21523.3437081948     
        1295   21529.4330139096     
        1296   21545.6317341456     
        1297   21598.0114477502     
        1298   21627.4436072809     
        1299   21650.7499017992     
        1300   21691.8908672667     
        1301   21705.1703262786     
        1302   21718.3025499778     
        1303   21733.0221625449     
        1304   21743.0314366541     
        1305   21747.9364548818     
        1306   21771.3755548058     
        1307   21771.8981218055     
        1308   21786.1925303726     
        1309   21809.2440236097     
        1311   21811.2501357371     
        1312   21821.5111225278     
        1313   21823.7291820335     
        1314   21841.8287260305     
        1316   21845.5636972808     
        1317   21855.3889856723     
        1318   21873.2647104258     
        1319   21945.6967666494     
        1320   21987.8645008867     
        1321   22035.1360174892     
        1322   22047.4585812914     
        1323   22065.1727106022     
        1324   22108.4188741485     
        1325   22123.4873359394     
        1326   22154.3854041442     
        1327   22213.7355588763     
        1328   22241.9837731462     
        1329   22290.2735150567     
        1330   22361.1900655726     
        1331   22366.2037124958     
        1332   22381.1917669131     
        1333   22388.8361593694     
        1334   22390.0195314083     
        1335   22408.6411553214     
        1336   22426.2561698478     
        1337   22427.5717120193     
        1339   22438.5240985758     
        1340   22442.7783331808     
        1341   22449.4859240796     
        1342   22460.6747227869     
        1344   22464.0000000000     
